[debug] [2022-08-13T03:26:22.582Z] ----------------------------------------------------------------------
[debug] [2022-08-13T03:26:22.599Z] Command:       C:\Program Files\nodejs\node.exe C:\Users\ADMIN\AppData\Roaming\npm\node_modules\firebase-tools\lib\bin\firebase.js emulators:start
[debug] [2022-08-13T03:26:22.602Z] CLI Version:   11.5.0
[debug] [2022-08-13T03:26:22.602Z] Platform:      win32
[debug] [2022-08-13T03:26:22.603Z] Node Version:  v16.15.1
[debug] [2022-08-13T03:26:22.710Z] Time:          Sat Aug 13 2022 08:56:22 GMT+0530 (India Standard Time)
[debug] [2022-08-13T03:26:22.711Z] ----------------------------------------------------------------------
[debug] 
[debug] [2022-08-13T03:26:22.996Z] > command requires scopes: ["email","openid","https://www.googleapis.com/auth/cloudplatformprojects.readonly","https://www.googleapis.com/auth/firebase","https://www.googleapis.com/auth/cloud-platform"]
[debug] [2022-08-13T03:26:22.998Z] > authorizing via signed-in user (divya4shivalaya@gmail.com)
[info] i  emulators: Starting emulators: functions, hosting {"metadata":{"emulator":{"name":"hub"},"message":"Starting emulators: functions, hosting"}}
[debug] [2022-08-13T03:26:23.725Z] [hub] writing locator at C:\Users\ADMIN\AppData\Local\Temp\hub-challenge-37115.json
[warn] !  functions: The following emulators are not running, calls to these services from the Functions emulator will affect production: auth, firestore, database, pubsub, storage {"metadata":{"emulator":{"name":"functions"},"message":"The following emulators are not running, calls to these services from the Functions emulator will affect production: \u001b[1mauth, firestore, database, pubsub, storage\u001b[22m"}}
[info] +  functions: Using node@16 from host. {"metadata":{"emulator":{"name":"functions"},"message":"Using node@16 from host."}}
[debug] [2022-08-13T03:26:25.090Z] defaultcredentials: writing to file C:\Users\ADMIN\AppData\Roaming\firebase\divya4shivalaya_gmail_com_application_default_credentials.json
[debug] [2022-08-13T03:26:25.469Z] Setting GAC to C:\Users\ADMIN\AppData\Roaming\firebase\divya4shivalaya_gmail_com_application_default_credentials.json {"metadata":{"emulator":{"name":"functions"},"message":"Setting GAC to C:\\Users\\ADMIN\\AppData\\Roaming\\firebase\\divya4shivalaya_gmail_com_application_default_credentials.json"}}
[debug] [2022-08-13T03:26:25.473Z] > refreshing access token with scopes: []
[debug] [2022-08-13T03:26:25.477Z] >>> [apiv2][query] POST https://www.googleapis.com/oauth2/v3/token [none]
[debug] [2022-08-13T03:26:25.477Z] >>> [apiv2][body] POST https://www.googleapis.com/oauth2/v3/token [omitted]
[debug] [2022-08-13T03:26:25.809Z] <<< [apiv2][status] POST https://www.googleapis.com/oauth2/v3/token 200
[debug] [2022-08-13T03:26:25.810Z] <<< [apiv2][body] POST https://www.googleapis.com/oauth2/v3/token [omitted]
[debug] [2022-08-13T03:26:25.911Z] >>> [apiv2][query] GET https://firebase.googleapis.com/v1beta1/projects/challenge-37115/adminSdkConfig [none]
[debug] [2022-08-13T03:26:26.472Z] <<< [apiv2][status] GET https://firebase.googleapis.com/v1beta1/projects/challenge-37115/adminSdkConfig 200
[debug] [2022-08-13T03:26:26.473Z] <<< [apiv2][body] GET https://firebase.googleapis.com/v1beta1/projects/challenge-37115/adminSdkConfig {"projectId":"challenge-37115","storageBucket":"challenge-37115.appspot.com","locationId":"us-central"}
[debug] [2022-08-13T03:26:26.664Z] >>> [apiv2][query] GET https://firebasehosting.googleapis.com/v1beta1/projects/challenge-37115/sites 
[debug] [2022-08-13T03:26:28.819Z] <<< [apiv2][status] GET https://firebasehosting.googleapis.com/v1beta1/projects/challenge-37115/sites 200
[debug] [2022-08-13T03:26:28.820Z] <<< [apiv2][body] GET https://firebasehosting.googleapis.com/v1beta1/projects/challenge-37115/sites {"sites":[{"name":"projects/challenge-37115/sites/challenge-37115","defaultUrl":"https://challenge-37115.web.app","type":"DEFAULT_SITE"}]}
[debug] [2022-08-13T03:26:28.821Z] >>> [apiv2][query] GET https://firebase.googleapis.com/v1beta1/projects/challenge-37115/webApps/-/config [none]
[debug] [2022-08-13T03:26:30.314Z] <<< [apiv2][status] GET https://firebase.googleapis.com/v1beta1/projects/challenge-37115/webApps/-/config 200
[debug] [2022-08-13T03:26:30.314Z] <<< [apiv2][body] GET https://firebase.googleapis.com/v1beta1/projects/challenge-37115/webApps/-/config {"projectId":"challenge-37115","appId":"1:411432159639:web:dcf1f7282b8b9e6be35cd2","storageBucket":"challenge-37115.appspot.com","locationId":"us-central","apiKey":"AIzaSyDzzWqzCZoLV20LsrAeenkhblWr-09IrBY","authDomain":"challenge-37115.firebaseapp.com","messagingSenderId":"411432159639","measurementId":"G-9C8BYPXCN0"}
[info] i  hosting: Serving hosting files from: build {"metadata":{"emulator":{"name":"hosting"},"message":"Serving hosting files from: \u001b[1mbuild\u001b[22m"}}
[info] +  hosting: Local server: http://localhost:5000 {"metadata":{"emulator":{"name":"hosting"},"message":"Local server: \u001b[4m\u001b[1mhttp://localhost:5000\u001b[22m\u001b[24m"}}
[debug] [2022-08-13T03:26:30.923Z] Ignoring unsupported arg: auto_download {"metadata":{"emulator":{"name":"ui"},"message":"Ignoring unsupported arg: auto_download"}}
[debug] [2022-08-13T03:26:30.924Z] Ignoring unsupported arg: port {"metadata":{"emulator":{"name":"ui"},"message":"Ignoring unsupported arg: port"}}
[debug] [2022-08-13T03:26:30.925Z] Starting Emulator UI with command {"binary":"node","args":["C:\\Users\\ADMIN\\.cache\\firebase\\emulators\\ui-v1.8.1\\server\\server.js"],"optionalArgs":[],"joinArgs":false} {"metadata":{"emulator":{"name":"ui"},"message":"Starting Emulator UI with command {\"binary\":\"node\",\"args\":[\"C:\\\\Users\\\\ADMIN\\\\.cache\\\\firebase\\\\emulators\\\\ui-v1.8.1\\\\server\\\\server.js\"],\"optionalArgs\":[],\"joinArgs\":false}"}}
[info] i  ui: Emulator UI logging to ui-debug.log {"metadata":{"emulator":{"name":"ui"},"message":"Emulator UI logging to \u001b[1mui-debug.log\u001b[22m"}}
[debug] [2022-08-13T03:26:36.145Z] Web / API server started at localhost:4000
 {"metadata":{"emulator":{"name":"ui"},"message":"Web / API server started at localhost:4000\n"}}
[info] i  functions: Watching "E:\WEB_DEVELOPEMENT_BOOTCAMP_Dr_ANGELA_YU\AmazonCloneProject\amazon-clone\functions" for Cloud Functions... {"metadata":{"emulator":{"name":"functions"},"message":"Watching \"E:\\WEB_DEVELOPEMENT_BOOTCAMP_Dr_ANGELA_YU\\AmazonCloneProject\\amazon-clone\\functions\" for Cloud Functions..."}}
[debug] [2022-08-13T03:26:36.303Z] Validating nodejs source
[debug] [2022-08-13T03:26:53.113Z] > [functions] package.json contents: {
  "name": "functions",
  "description": "Cloud Functions for Firebase",
  "scripts": {
    "lint": "eslint .",
    "serve": "firebase emulators:start --only functions",
    "shell": "firebase functions:shell",
    "start": "npm run shell",
    "deploy": "firebase deploy --only functions",
    "logs": "firebase functions:log"
  },
  "engines": {
    "node": "16"
  },
  "main": "index.js",
  "dependencies": {
    "cors": "^2.8.5",
    "express": "^4.18.1",
    "firebase-admin": "^10.0.2",
    "firebase-functions": "^3.18.0",
    "stripe": "^10.1.0"
  },
  "devDependencies": {
    "eslint": "^8.9.0",
    "eslint-config-google": "^0.14.0",
    "firebase-functions-test": "^0.2.0"
  },
  "private": true
}
[debug] [2022-08-13T03:26:53.114Z] Building nodejs source
[debug] [2022-08-13T03:26:53.114Z] Analyzing nodejs backend spec
[debug] [2022-08-13T03:26:53.116Z] Could not find functions.yaml. Must use http discovery
[debug] [2022-08-13T03:27:01.207Z] Serving at port 9005

[debug] [2022-08-13T03:27:05.788Z] Got response from /__/functions.yaml {"endpoints":{"api":{"platform":"gcfv1","httpsTrigger":{},"entryPoint":"api"}},"specVersion":"v1alpha1","requiredAPIs":[]}
[debug] [2022-08-13T03:27:05.802Z] shutdown requested via /__/quitquitquit

[info] +  functions: Loaded functions definitions from source: api. {"metadata":{"emulator":{"name":"functions"},"message":"Loaded functions definitions from source: api."}}
[info] +  functions[us-central1-api]: http function initialized (http://localhost:5001/challenge-37115/us-central1/api). {"metadata":{"emulator":{"name":"functions"},"message":"\u001b[1mhttp\u001b[22m function initialized (http://localhost:5001/challenge-37115/us-central1/api)."}}
[info] 
┌─────────────────────────────────────────────────────────────┐
│ ✔  All emulators ready! It is now safe to connect your app. │
│ i  View Emulator UI at http://localhost:4000                │
└─────────────────────────────────────────────────────────────┘

┌───────────┬────────────────┬─────────────────────────────────┐
│ Emulator  │ Host:Port      │ View in Emulator UI             │
├───────────┼────────────────┼─────────────────────────────────┤
│ Functions │ localhost:5001 │ http://localhost:4000/functions │
├───────────┼────────────────┼─────────────────────────────────┤
│ Hosting   │ localhost:5000 │ n/a                             │
└───────────┴────────────────┴─────────────────────────────────┘
  Emulator Hub running at localhost:4400
  Other reserved ports: 4500

Issues? Report them at https://github.com/firebase/firebase-tools/issues and attach the *-debug.log files.
 
[debug] [2022-08-13T03:28:07.317Z] [work-queue] {"queueLength":1,"workRunningCount":0}
[debug] [2022-08-13T03:28:07.318Z] [work-queue] {"queueLength":0,"workRunningCount":1}
[debug] [2022-08-13T03:28:07.319Z] Accepted request GET /challenge-37115/us-central1/api --> us-central1-api
[debug] [2022-08-13T03:28:07.662Z] [worker-pool] addWorker(us-central1-api) {"metadata":{"emulator":{"name":"functions"},"message":"[worker-pool] addWorker(us-central1-api)"}}
[debug] [2022-08-13T03:28:07.662Z] [worker-pool] Adding worker with key us-central1-api, total=1 {"metadata":{"emulator":{"name":"functions"},"message":"[worker-pool] Adding worker with key us-central1-api, total=1"}}
[debug] [2022-08-13T03:28:07.663Z] [worker-pool] submitWork(triggerId=us-central1-api) {"metadata":{"emulator":{"name":"functions"},"message":"[worker-pool] submitWork(triggerId=us-central1-api)"}}
[debug] [2022-08-13T03:28:07.663Z] [worker-us-central1-api-0d9ba184-dfc5-4aef-8f6c-afcd96d290a2]: BUSY {"metadata":{"emulator":{"name":"functions"},"message":"[worker-us-central1-api-0d9ba184-dfc5-4aef-8f6c-afcd96d290a2]: BUSY"}}
[debug] FirebaseError: Failed to load function.
    at Timeout._onTimeout (C:\Users\ADMIN\AppData\Roaming\npm\node_modules\firebase-tools\lib\emulator\functionsRuntimeWorker.js:104:24)
    at listOnTimeout (node:internal/timers:559:17)
    at processTimers (node:internal/timers:502:7) {"metadata":{"emulator":{"name":"functions"},"message":{"name":"FirebaseError","children":[],"exit":1,"message":"Failed to load function.","status":500}}}
[debug] [2022-08-13T03:28:14.686Z] [work-queue] {"queueLength":0,"workRunningCount":0}
[debug] [2022-08-13T03:28:37.495Z] [runtime-status] [6804] Resolved module firebase-admin {"declared":true,"installed":true,"version":"10.3.0","resolution":"E:\\WEB_DEVELOPEMENT_BOOTCAMP_Dr_ANGELA_YU\\AmazonCloneProject\\amazon-clone\\functions\\node_modules\\firebase-admin\\lib\\index.js"} {"metadata":{"emulator":{"name":"functions"},"function":{"name":"us-central1-api"},"extension":{},"message":"[runtime-status] [6804] Resolved module firebase-admin {\"declared\":true,\"installed\":true,\"version\":\"10.3.0\",\"resolution\":\"E:\\\\WEB_DEVELOPEMENT_BOOTCAMP_Dr_ANGELA_YU\\\\AmazonCloneProject\\\\amazon-clone\\\\functions\\\\node_modules\\\\firebase-admin\\\\lib\\\\index.js\"}"}}
[debug] [2022-08-13T03:28:37.520Z] [runtime-status] [6804] Resolved module firebase-functions {"declared":true,"installed":true,"version":"3.22.0","resolution":"E:\\WEB_DEVELOPEMENT_BOOTCAMP_Dr_ANGELA_YU\\AmazonCloneProject\\amazon-clone\\functions\\node_modules\\firebase-functions\\lib\\index.js"} {"metadata":{"emulator":{"name":"functions"},"function":{"name":"us-central1-api"},"extension":{},"message":"[runtime-status] [6804] Resolved module firebase-functions {\"declared\":true,\"installed\":true,\"version\":\"3.22.0\",\"resolution\":\"E:\\\\WEB_DEVELOPEMENT_BOOTCAMP_Dr_ANGELA_YU\\\\AmazonCloneProject\\\\amazon-clone\\\\functions\\\\node_modules\\\\firebase-functions\\\\lib\\\\index.js\"}"}}
[debug] [2022-08-13T03:28:37.522Z] [runtime-status] [6804] Outgoing network have been stubbed. [{"name":"http","status":"mocked"},{"name":"http","status":"mocked"},{"name":"https","status":"mocked"},{"name":"https","status":"mocked"},{"name":"net","status":"mocked"}] {"metadata":{"emulator":{"name":"functions"},"function":{"name":"us-central1-api"},"extension":{},"message":"[runtime-status] [6804] Outgoing network have been stubbed. [{\"name\":\"http\",\"status\":\"mocked\"},{\"name\":\"http\",\"status\":\"mocked\"},{\"name\":\"https\",\"status\":\"mocked\"},{\"name\":\"https\",\"status\":\"mocked\"},{\"name\":\"net\",\"status\":\"mocked\"}]"}}
[debug] [2022-08-13T03:28:37.524Z] [runtime-status] [6804] Resolved module firebase-functions {"declared":true,"installed":true,"version":"3.22.0","resolution":"E:\\WEB_DEVELOPEMENT_BOOTCAMP_Dr_ANGELA_YU\\AmazonCloneProject\\amazon-clone\\functions\\node_modules\\firebase-functions\\lib\\index.js"} {"metadata":{"emulator":{"name":"functions"},"function":{"name":"us-central1-api"},"extension":{},"message":"[runtime-status] [6804] Resolved module firebase-functions {\"declared\":true,\"installed\":true,\"version\":\"3.22.0\",\"resolution\":\"E:\\\\WEB_DEVELOPEMENT_BOOTCAMP_Dr_ANGELA_YU\\\\AmazonCloneProject\\\\amazon-clone\\\\functions\\\\node_modules\\\\firebase-functions\\\\lib\\\\index.js\"}"}}
[debug] [2022-08-13T03:28:37.649Z] [runtime-status] [6804] Checked functions.config() {"config":{}} {"metadata":{"emulator":{"name":"functions"},"function":{"name":"us-central1-api"},"extension":{},"message":"[runtime-status] [6804] Checked functions.config() {\"config\":{}}"}}
[debug] [2022-08-13T03:28:37.649Z] [runtime-status] [6804] firebase-functions has been stubbed. {"functionsResolution":{"declared":true,"installed":true,"version":"3.22.0","resolution":"E:\\WEB_DEVELOPEMENT_BOOTCAMP_Dr_ANGELA_YU\\AmazonCloneProject\\amazon-clone\\functions\\node_modules\\firebase-functions\\lib\\index.js"}} {"metadata":{"emulator":{"name":"functions"},"function":{"name":"us-central1-api"},"extension":{},"message":"[runtime-status] [6804] firebase-functions has been stubbed. {\"functionsResolution\":{\"declared\":true,\"installed\":true,\"version\":\"3.22.0\",\"resolution\":\"E:\\\\WEB_DEVELOPEMENT_BOOTCAMP_Dr_ANGELA_YU\\\\AmazonCloneProject\\\\amazon-clone\\\\functions\\\\node_modules\\\\firebase-functions\\\\lib\\\\index.js\"}}"}}
[debug] [2022-08-13T03:28:37.662Z] [runtime-status] [6804] Resolved module firebase-functions {"declared":true,"installed":true,"version":"3.22.0","resolution":"E:\\WEB_DEVELOPEMENT_BOOTCAMP_Dr_ANGELA_YU\\AmazonCloneProject\\amazon-clone\\functions\\node_modules\\firebase-functions\\lib\\index.js"} {"metadata":{"emulator":{"name":"functions"},"function":{"name":"us-central1-api"},"extension":{},"message":"[runtime-status] [6804] Resolved module firebase-functions {\"declared\":true,\"installed\":true,\"version\":\"3.22.0\",\"resolution\":\"E:\\\\WEB_DEVELOPEMENT_BOOTCAMP_Dr_ANGELA_YU\\\\AmazonCloneProject\\\\amazon-clone\\\\functions\\\\node_modules\\\\firebase-functions\\\\lib\\\\index.js\"}"}}
[debug] [2022-08-13T03:28:37.665Z] [runtime-status] [6804] Resolved module firebase-admin {"declared":true,"installed":true,"version":"10.3.0","resolution":"E:\\WEB_DEVELOPEMENT_BOOTCAMP_Dr_ANGELA_YU\\AmazonCloneProject\\amazon-clone\\functions\\node_modules\\firebase-admin\\lib\\index.js"} {"metadata":{"emulator":{"name":"functions"},"function":{"name":"us-central1-api"},"extension":{},"message":"[runtime-status] [6804] Resolved module firebase-admin {\"declared\":true,\"installed\":true,\"version\":\"10.3.0\",\"resolution\":\"E:\\\\WEB_DEVELOPEMENT_BOOTCAMP_Dr_ANGELA_YU\\\\AmazonCloneProject\\\\amazon-clone\\\\functions\\\\node_modules\\\\firebase-admin\\\\lib\\\\index.js\"}"}}
[debug] [2022-08-13T03:28:37.666Z] [runtime-status] [6804] Resolved module firebase-functions {"declared":true,"installed":true,"version":"3.22.0","resolution":"E:\\WEB_DEVELOPEMENT_BOOTCAMP_Dr_ANGELA_YU\\AmazonCloneProject\\amazon-clone\\functions\\node_modules\\firebase-functions\\lib\\index.js"} {"metadata":{"emulator":{"name":"functions"},"function":{"name":"us-central1-api"},"extension":{},"message":"[runtime-status] [6804] Resolved module firebase-functions {\"declared\":true,\"installed\":true,\"version\":\"3.22.0\",\"resolution\":\"E:\\\\WEB_DEVELOPEMENT_BOOTCAMP_Dr_ANGELA_YU\\\\AmazonCloneProject\\\\amazon-clone\\\\functions\\\\node_modules\\\\firebase-functions\\\\lib\\\\index.js\"}"}}
[debug] [2022-08-13T03:28:37.669Z] [runtime-status] [6804] firebase-admin has been stubbed. {"adminResolution":{"declared":true,"installed":true,"version":"10.3.0","resolution":"E:\\WEB_DEVELOPEMENT_BOOTCAMP_Dr_ANGELA_YU\\AmazonCloneProject\\amazon-clone\\functions\\node_modules\\firebase-admin\\lib\\index.js"}} {"metadata":{"emulator":{"name":"functions"},"function":{"name":"us-central1-api"},"extension":{},"message":"[runtime-status] [6804] firebase-admin has been stubbed. {\"adminResolution\":{\"declared\":true,\"installed\":true,\"version\":\"10.3.0\",\"resolution\":\"E:\\\\WEB_DEVELOPEMENT_BOOTCAMP_Dr_ANGELA_YU\\\\AmazonCloneProject\\\\amazon-clone\\\\functions\\\\node_modules\\\\firebase-admin\\\\lib\\\\index.js\"}}"}}
[debug] [2022-08-13T03:28:37.670Z] [runtime-status] [6804] Functions runtime initialized. {"cwd":"E:\\WEB_DEVELOPEMENT_BOOTCAMP_Dr_ANGELA_YU\\AmazonCloneProject\\amazon-clone\\functions","node_version":"16.15.1"} {"metadata":{"emulator":{"name":"functions"},"function":{"name":"us-central1-api"},"extension":{},"message":"[runtime-status] [6804] Functions runtime initialized. {\"cwd\":\"E:\\\\WEB_DEVELOPEMENT_BOOTCAMP_Dr_ANGELA_YU\\\\AmazonCloneProject\\\\amazon-clone\\\\functions\",\"node_version\":\"16.15.1\"}"}}
[debug] [2022-08-13T03:28:40.203Z] [runtime-status] [6804] Beginning invocation function api! {"metadata":{"emulator":{"name":"functions"},"function":{"name":"us-central1-api"},"extension":{},"message":"[runtime-status] [6804] Beginning invocation function api!"}}
[info] i  functions: Beginning execution of "api" {"metadata":{"emulator":{"name":"functions"},"function":{"name":"us-central1-api"},"extension":{},"message":"Beginning execution of \"api\""}}
[debug] [2022-08-13T03:28:40.206Z] [runtime-status] [6804] Running api in signature http {"metadata":{"emulator":{"name":"functions"},"function":{"name":"us-central1-api"},"extension":{},"message":"[runtime-status] [6804] Running api in signature http"}}
[debug] [2022-08-13T03:28:40.218Z] [runtime-status] [6804] Listening to port: \\?\pipe\fire_emu_7bb982bc069418f0 {"metadata":{"emulator":{"name":"functions"},"function":{"name":"us-central1-api"},"extension":{},"message":"[runtime-status] [6804] Listening to port: \\\\?\\pipe\\fire_emu_7bb982bc069418f0"}}
[debug] [2022-08-13T03:28:58.759Z] [work-queue] {"queueLength":1,"workRunningCount":0}
[debug] [2022-08-13T03:28:58.759Z] [work-queue] {"queueLength":0,"workRunningCount":1}
[debug] [2022-08-13T03:28:58.760Z] Accepted request GET /challenge-37115/us-central1/api --> us-central1-api
[debug] [2022-08-13T03:28:58.770Z] [worker-pool] addWorker(us-central1-api) {"metadata":{"emulator":{"name":"functions"},"message":"[worker-pool] addWorker(us-central1-api)"}}
[debug] [2022-08-13T03:28:58.772Z] [worker-pool] Adding worker with key us-central1-api, total=2 {"metadata":{"emulator":{"name":"functions"},"message":"[worker-pool] Adding worker with key us-central1-api, total=2"}}
[debug] [2022-08-13T03:28:58.773Z] [worker-pool] submitWork(triggerId=us-central1-api) {"metadata":{"emulator":{"name":"functions"},"message":"[worker-pool] submitWork(triggerId=us-central1-api)"}}
[debug] [2022-08-13T03:28:58.773Z] [worker-us-central1-api-93103712-35ec-4e85-8dd0-bcd727079909]: BUSY {"metadata":{"emulator":{"name":"functions"},"message":"[worker-us-central1-api-93103712-35ec-4e85-8dd0-bcd727079909]: BUSY"}}
[debug] [2022-08-13T03:29:02.440Z] [runtime-status] [13316] Resolved module firebase-admin {"declared":true,"installed":true,"version":"10.3.0","resolution":"E:\\WEB_DEVELOPEMENT_BOOTCAMP_Dr_ANGELA_YU\\AmazonCloneProject\\amazon-clone\\functions\\node_modules\\firebase-admin\\lib\\index.js"} {"metadata":{"emulator":{"name":"functions"},"function":{"name":"us-central1-api"},"extension":{},"message":"[runtime-status] [13316] Resolved module firebase-admin {\"declared\":true,\"installed\":true,\"version\":\"10.3.0\",\"resolution\":\"E:\\\\WEB_DEVELOPEMENT_BOOTCAMP_Dr_ANGELA_YU\\\\AmazonCloneProject\\\\amazon-clone\\\\functions\\\\node_modules\\\\firebase-admin\\\\lib\\\\index.js\"}"}}
[debug] [2022-08-13T03:29:02.443Z] [runtime-status] [13316] Resolved module firebase-functions {"declared":true,"installed":true,"version":"3.22.0","resolution":"E:\\WEB_DEVELOPEMENT_BOOTCAMP_Dr_ANGELA_YU\\AmazonCloneProject\\amazon-clone\\functions\\node_modules\\firebase-functions\\lib\\index.js"} {"metadata":{"emulator":{"name":"functions"},"function":{"name":"us-central1-api"},"extension":{},"message":"[runtime-status] [13316] Resolved module firebase-functions {\"declared\":true,\"installed\":true,\"version\":\"3.22.0\",\"resolution\":\"E:\\\\WEB_DEVELOPEMENT_BOOTCAMP_Dr_ANGELA_YU\\\\AmazonCloneProject\\\\amazon-clone\\\\functions\\\\node_modules\\\\firebase-functions\\\\lib\\\\index.js\"}"}}
[debug] [2022-08-13T03:29:02.445Z] [runtime-status] [13316] Outgoing network have been stubbed. [{"name":"http","status":"mocked"},{"name":"http","status":"mocked"},{"name":"https","status":"mocked"},{"name":"https","status":"mocked"},{"name":"net","status":"mocked"}] {"metadata":{"emulator":{"name":"functions"},"function":{"name":"us-central1-api"},"extension":{},"message":"[runtime-status] [13316] Outgoing network have been stubbed. [{\"name\":\"http\",\"status\":\"mocked\"},{\"name\":\"http\",\"status\":\"mocked\"},{\"name\":\"https\",\"status\":\"mocked\"},{\"name\":\"https\",\"status\":\"mocked\"},{\"name\":\"net\",\"status\":\"mocked\"}]"}}
[debug] [2022-08-13T03:29:02.450Z] [runtime-status] [13316] Resolved module firebase-functions {"declared":true,"installed":true,"version":"3.22.0","resolution":"E:\\WEB_DEVELOPEMENT_BOOTCAMP_Dr_ANGELA_YU\\AmazonCloneProject\\amazon-clone\\functions\\node_modules\\firebase-functions\\lib\\index.js"} {"metadata":{"emulator":{"name":"functions"},"function":{"name":"us-central1-api"},"extension":{},"message":"[runtime-status] [13316] Resolved module firebase-functions {\"declared\":true,\"installed\":true,\"version\":\"3.22.0\",\"resolution\":\"E:\\\\WEB_DEVELOPEMENT_BOOTCAMP_Dr_ANGELA_YU\\\\AmazonCloneProject\\\\amazon-clone\\\\functions\\\\node_modules\\\\firebase-functions\\\\lib\\\\index.js\"}"}}
[debug] [2022-08-13T03:29:02.559Z] [runtime-status] [13316] Checked functions.config() {"config":{}} {"metadata":{"emulator":{"name":"functions"},"function":{"name":"us-central1-api"},"extension":{},"message":"[runtime-status] [13316] Checked functions.config() {\"config\":{}}"}}
[debug] [2022-08-13T03:29:02.560Z] [runtime-status] [13316] firebase-functions has been stubbed. {"functionsResolution":{"declared":true,"installed":true,"version":"3.22.0","resolution":"E:\\WEB_DEVELOPEMENT_BOOTCAMP_Dr_ANGELA_YU\\AmazonCloneProject\\amazon-clone\\functions\\node_modules\\firebase-functions\\lib\\index.js"}} {"metadata":{"emulator":{"name":"functions"},"function":{"name":"us-central1-api"},"extension":{},"message":"[runtime-status] [13316] firebase-functions has been stubbed. {\"functionsResolution\":{\"declared\":true,\"installed\":true,\"version\":\"3.22.0\",\"resolution\":\"E:\\\\WEB_DEVELOPEMENT_BOOTCAMP_Dr_ANGELA_YU\\\\AmazonCloneProject\\\\amazon-clone\\\\functions\\\\node_modules\\\\firebase-functions\\\\lib\\\\index.js\"}}"}}
[debug] [2022-08-13T03:29:02.567Z] [runtime-status] [13316] Resolved module firebase-functions {"declared":true,"installed":true,"version":"3.22.0","resolution":"E:\\WEB_DEVELOPEMENT_BOOTCAMP_Dr_ANGELA_YU\\AmazonCloneProject\\amazon-clone\\functions\\node_modules\\firebase-functions\\lib\\index.js"} {"metadata":{"emulator":{"name":"functions"},"function":{"name":"us-central1-api"},"extension":{},"message":"[runtime-status] [13316] Resolved module firebase-functions {\"declared\":true,\"installed\":true,\"version\":\"3.22.0\",\"resolution\":\"E:\\\\WEB_DEVELOPEMENT_BOOTCAMP_Dr_ANGELA_YU\\\\AmazonCloneProject\\\\amazon-clone\\\\functions\\\\node_modules\\\\firebase-functions\\\\lib\\\\index.js\"}"}}
[debug] [2022-08-13T03:29:02.572Z] [runtime-status] [13316] Resolved module firebase-admin {"declared":true,"installed":true,"version":"10.3.0","resolution":"E:\\WEB_DEVELOPEMENT_BOOTCAMP_Dr_ANGELA_YU\\AmazonCloneProject\\amazon-clone\\functions\\node_modules\\firebase-admin\\lib\\index.js"} {"metadata":{"emulator":{"name":"functions"},"function":{"name":"us-central1-api"},"extension":{},"message":"[runtime-status] [13316] Resolved module firebase-admin {\"declared\":true,\"installed\":true,\"version\":\"10.3.0\",\"resolution\":\"E:\\\\WEB_DEVELOPEMENT_BOOTCAMP_Dr_ANGELA_YU\\\\AmazonCloneProject\\\\amazon-clone\\\\functions\\\\node_modules\\\\firebase-admin\\\\lib\\\\index.js\"}"}}
[debug] [2022-08-13T03:29:02.574Z] [runtime-status] [13316] Resolved module firebase-functions {"declared":true,"installed":true,"version":"3.22.0","resolution":"E:\\WEB_DEVELOPEMENT_BOOTCAMP_Dr_ANGELA_YU\\AmazonCloneProject\\amazon-clone\\functions\\node_modules\\firebase-functions\\lib\\index.js"} {"metadata":{"emulator":{"name":"functions"},"function":{"name":"us-central1-api"},"extension":{},"message":"[runtime-status] [13316] Resolved module firebase-functions {\"declared\":true,\"installed\":true,\"version\":\"3.22.0\",\"resolution\":\"E:\\\\WEB_DEVELOPEMENT_BOOTCAMP_Dr_ANGELA_YU\\\\AmazonCloneProject\\\\amazon-clone\\\\functions\\\\node_modules\\\\firebase-functions\\\\lib\\\\index.js\"}"}}
[debug] [2022-08-13T03:29:02.575Z] [runtime-status] [13316] firebase-admin has been stubbed. {"adminResolution":{"declared":true,"installed":true,"version":"10.3.0","resolution":"E:\\WEB_DEVELOPEMENT_BOOTCAMP_Dr_ANGELA_YU\\AmazonCloneProject\\amazon-clone\\functions\\node_modules\\firebase-admin\\lib\\index.js"}} {"metadata":{"emulator":{"name":"functions"},"function":{"name":"us-central1-api"},"extension":{},"message":"[runtime-status] [13316] firebase-admin has been stubbed. {\"adminResolution\":{\"declared\":true,\"installed\":true,\"version\":\"10.3.0\",\"resolution\":\"E:\\\\WEB_DEVELOPEMENT_BOOTCAMP_Dr_ANGELA_YU\\\\AmazonCloneProject\\\\amazon-clone\\\\functions\\\\node_modules\\\\firebase-admin\\\\lib\\\\index.js\"}}"}}
[debug] [2022-08-13T03:29:02.575Z] [runtime-status] [13316] Functions runtime initialized. {"cwd":"E:\\WEB_DEVELOPEMENT_BOOTCAMP_Dr_ANGELA_YU\\AmazonCloneProject\\amazon-clone\\functions","node_version":"16.15.1"} {"metadata":{"emulator":{"name":"functions"},"function":{"name":"us-central1-api"},"extension":{},"message":"[runtime-status] [13316] Functions runtime initialized. {\"cwd\":\"E:\\\\WEB_DEVELOPEMENT_BOOTCAMP_Dr_ANGELA_YU\\\\AmazonCloneProject\\\\amazon-clone\\\\functions\",\"node_version\":\"16.15.1\"}"}}
[debug] [2022-08-13T03:29:03.003Z] [runtime-status] [13316] Beginning invocation function api! {"metadata":{"emulator":{"name":"functions"},"function":{"name":"us-central1-api"},"extension":{},"message":"[runtime-status] [13316] Beginning invocation function api!"}}
[info] i  functions: Beginning execution of "api" {"metadata":{"emulator":{"name":"functions"},"function":{"name":"us-central1-api"},"extension":{},"message":"Beginning execution of \"api\""}}
[debug] [2022-08-13T03:29:03.005Z] [runtime-status] [13316] Running api in signature http {"metadata":{"emulator":{"name":"functions"},"function":{"name":"us-central1-api"},"extension":{},"message":"[runtime-status] [13316] Running api in signature http"}}
[debug] [2022-08-13T03:29:03.019Z] [runtime-status] [13316] Listening to port: \\?\pipe\fire_emu_ce7a538d2cd9ea60 {"metadata":{"emulator":{"name":"functions"},"function":{"name":"us-central1-api"},"extension":{},"message":"[runtime-status] [13316] Listening to port: \\\\?\\pipe\\fire_emu_ce7a538d2cd9ea60"}}
[debug] [2022-08-13T03:29:03.085Z] [functions] Runtime ready! Sending request! {"metadata":{"emulator":{"name":"functions"},"message":"[functions] Runtime ready! Sending request!"}}
[debug] [2022-08-13T03:29:03.086Z] [functions] Got req.url=/challenge-37115/us-central1/api, mapping to path=/ {"metadata":{"emulator":{"name":"functions"},"message":"[functions] Got req.url=/challenge-37115/us-central1/api, mapping to path=/"}}
[debug] [2022-08-13T03:29:03.089Z] [runtime-status] [13316] Ephemeral server handling GET request {"metadata":{"emulator":{"name":"functions"},"function":{"name":"us-central1-api"},"extension":{},"message":"[runtime-status] [13316] Ephemeral server handling GET request"}}
[debug] [2022-08-13T03:29:03.098Z] [runtime-status] [13316] Ephemeral server survived. {"metadata":{"emulator":{"name":"functions"},"function":{"name":"us-central1-api"},"extension":{},"message":"[runtime-status] [13316] Ephemeral server survived."}}
[info] i  functions: Finished "api" in ~1s {"metadata":{"emulator":{"name":"functions"},"function":{"name":"us-central1-api"},"extension":{},"message":"Finished \"api\" in ~1s"}}
[debug] [2022-08-13T03:29:03.102Z] [worker-us-central1-api-93103712-35ec-4e85-8dd0-bcd727079909]: IDLE {"metadata":{"emulator":{"name":"functions"},"message":"[worker-us-central1-api-93103712-35ec-4e85-8dd0-bcd727079909]: IDLE"}}
[debug] [2022-08-13T03:29:03.103Z] [work-queue] {"queueLength":0,"workRunningCount":0}
[debug] [2022-08-13T03:29:03.532Z] Functions emulator received unknown request at path /favicon.ico
[warn] !  functions: Your function timed out after ~60s. To configure this timeout, see
      https://firebase.google.com/docs/functions/manage-functions#set_timeout_and_memory_allocation. {"metadata":{"emulator":{"name":"functions"},"function":{"name":"us-central1-api"},"extension":{},"message":"Your function timed out after ~60s. To configure this timeout, see\n      https://firebase.google.com/docs/functions/manage-functions#set_timeout_and_memory_allocation."}}
[info] >  C:\Users\ADMIN\AppData\Roaming\npm\node_modules\firebase-tools\lib\emulator\functionsEmulatorRuntime.js:635 {"user":"C:\\Users\\ADMIN\\AppData\\Roaming\\npm\\node_modules\\firebase-tools\\lib\\emulator\\functionsEmulatorRuntime.js:635\r","metadata":{"emulator":{"name":"functions"},"function":{"name":"us-central1-api"},"extension":{},"message":"\u001b[90m> \u001b[39m C:\\Users\\ADMIN\\AppData\\Roaming\\npm\\node_modules\\firebase-tools\\lib\\emulator\\functionsEmulatorRuntime.js:635\r"}}
[info] >              throw new Error("Function timed out."); {"user":"            throw new Error(\"Function timed out.\");\r","metadata":{"emulator":{"name":"functions"},"function":{"name":"us-central1-api"},"extension":{},"message":"\u001b[90m> \u001b[39m             throw new Error(\"Function timed out.\");\r"}}
[info] >              ^ {"user":"            ^\r","metadata":{"emulator":{"name":"functions"},"function":{"name":"us-central1-api"},"extension":{},"message":"\u001b[90m> \u001b[39m             ^\r"}}
[info] >   {"user":"\r","metadata":{"emulator":{"name":"functions"},"function":{"name":"us-central1-api"},"extension":{},"message":"\u001b[90m> \u001b[39m \r"}}
[info] >  Error: Function timed out. {"user":"Error: Function timed out.\r","metadata":{"emulator":{"name":"functions"},"function":{"name":"us-central1-api"},"extension":{},"message":"\u001b[90m> \u001b[39m Error: Function timed out.\r"}}
[info] >      at Timeout._onTimeout (C:\Users\ADMIN\AppData\Roaming\npm\node_modules\firebase-tools\lib\emulator\functionsEmulatorRuntime.js:635:19) {"user":"    at Timeout._onTimeout (C:\\Users\\ADMIN\\AppData\\Roaming\\npm\\node_modules\\firebase-tools\\lib\\emulator\\functionsEmulatorRuntime.js:635:19)\r","metadata":{"emulator":{"name":"functions"},"function":{"name":"us-central1-api"},"extension":{},"message":"\u001b[90m> \u001b[39m     at Timeout._onTimeout (C:\\Users\\ADMIN\\AppData\\Roaming\\npm\\node_modules\\firebase-tools\\lib\\emulator\\functionsEmulatorRuntime.js:635:19)\r"}}
[info] >      at listOnTimeout (node:internal/timers:559:17) {"user":"    at listOnTimeout (node:internal/timers:559:17)\r","metadata":{"emulator":{"name":"functions"},"function":{"name":"us-central1-api"},"extension":{},"message":"\u001b[90m> \u001b[39m     at listOnTimeout (node:internal/timers:559:17)\r"}}
[info] >      at processTimers (node:internal/timers:502:7) {"user":"    at processTimers (node:internal/timers:502:7)\r","metadata":{"emulator":{"name":"functions"},"function":{"name":"us-central1-api"},"extension":{},"message":"\u001b[90m> \u001b[39m     at processTimers (node:internal/timers:502:7)\r"}}
[debug] [2022-08-13T03:29:40.328Z] [worker-us-central1-api-0d9ba184-dfc5-4aef-8f6c-afcd96d290a2]: exited {"metadata":{"emulator":{"name":"functions"},"message":"[worker-us-central1-api-0d9ba184-dfc5-4aef-8f6c-afcd96d290a2]: exited"}}
[debug] [2022-08-13T03:29:40.328Z] [worker-us-central1-api-0d9ba184-dfc5-4aef-8f6c-afcd96d290a2]: FINISHED {"metadata":{"emulator":{"name":"functions"},"message":"[worker-us-central1-api-0d9ba184-dfc5-4aef-8f6c-afcd96d290a2]: FINISHED"}}
[debug] [2022-08-13T03:42:07.794Z] [work-queue] {"queueLength":1,"workRunningCount":0}
[debug] [2022-08-13T03:42:07.974Z] [work-queue] {"queueLength":0,"workRunningCount":1}
[debug] [2022-08-13T03:42:08.019Z] Accepted request POST /challenge-37115/us-central1/api/payments/create?total=25096 --> us-central1-api
[debug] [2022-08-13T03:42:08.041Z] [worker-pool] Cleaned up workers for us-central1-api: 2 --> 1 {"metadata":{"emulator":{"name":"functions"},"message":"[worker-pool] Cleaned up workers for us-central1-api: 2 --> 1"}}
[debug] [2022-08-13T03:42:08.042Z] [worker-pool] submitWork(triggerId=us-central1-api) {"metadata":{"emulator":{"name":"functions"},"message":"[worker-pool] submitWork(triggerId=us-central1-api)"}}
[debug] [2022-08-13T03:42:08.042Z] [worker-us-central1-api-93103712-35ec-4e85-8dd0-bcd727079909]: BUSY {"metadata":{"emulator":{"name":"functions"},"message":"[worker-us-central1-api-93103712-35ec-4e85-8dd0-bcd727079909]: BUSY"}}
[debug] [2022-08-13T03:42:08.426Z] [work-queue] {"queueLength":1,"workRunningCount":1}
[debug] [2022-08-13T03:42:08.427Z] [work-queue] {"queueLength":0,"workRunningCount":2}
[debug] [2022-08-13T03:42:08.427Z] Accepted request POST /challenge-37115/us-central1/api/payments/create?total=25096 --> us-central1-api
[debug] [2022-08-13T03:42:09.527Z] [worker-pool] addWorker(us-central1-api) {"metadata":{"emulator":{"name":"functions"},"message":"[worker-pool] addWorker(us-central1-api)"}}
[debug] [2022-08-13T03:42:09.565Z] [worker-pool] Adding worker with key us-central1-api, total=2 {"metadata":{"emulator":{"name":"functions"},"message":"[worker-pool] Adding worker with key us-central1-api, total=2"}}
[debug] [2022-08-13T03:42:09.566Z] [worker-pool] submitWork(triggerId=us-central1-api) {"metadata":{"emulator":{"name":"functions"},"message":"[worker-pool] submitWork(triggerId=us-central1-api)"}}
[debug] [2022-08-13T03:42:09.567Z] [worker-us-central1-api-2d562794-1ec4-477d-99a9-06cec9d17334]: BUSY {"metadata":{"emulator":{"name":"functions"},"message":"[worker-us-central1-api-2d562794-1ec4-477d-99a9-06cec9d17334]: BUSY"}}
[debug] [2022-08-13T03:42:09.895Z] [work-queue] {"queueLength":1,"workRunningCount":2}
[debug] [2022-08-13T03:42:09.896Z] [work-queue] {"queueLength":0,"workRunningCount":3}
[debug] [2022-08-13T03:42:09.896Z] Accepted request POST /challenge-37115/us-central1/api/payments/create?total=23900 --> us-central1-api
[debug] [2022-08-13T03:42:10.275Z] [worker-pool] addWorker(us-central1-api) {"metadata":{"emulator":{"name":"functions"},"message":"[worker-pool] addWorker(us-central1-api)"}}
[debug] [2022-08-13T03:42:10.283Z] [worker-pool] Adding worker with key us-central1-api, total=3 {"metadata":{"emulator":{"name":"functions"},"message":"[worker-pool] Adding worker with key us-central1-api, total=3"}}
[debug] [2022-08-13T03:42:10.283Z] [worker-pool] submitWork(triggerId=us-central1-api) {"metadata":{"emulator":{"name":"functions"},"message":"[worker-pool] submitWork(triggerId=us-central1-api)"}}
[debug] [2022-08-13T03:42:10.284Z] [worker-us-central1-api-f257a80b-3618-48c3-ad0b-f8afc162e4a5]: BUSY {"metadata":{"emulator":{"name":"functions"},"message":"[worker-us-central1-api-f257a80b-3618-48c3-ad0b-f8afc162e4a5]: BUSY"}}
[debug] [2022-08-13T03:42:12.855Z] [runtime-status] [13316] Beginning invocation function api! {"metadata":{"emulator":{"name":"functions"},"function":{"name":"us-central1-api"},"extension":{},"message":"[runtime-status] [13316] Beginning invocation function api!"}}
[info] i  functions: Beginning execution of "api" {"metadata":{"emulator":{"name":"functions"},"function":{"name":"us-central1-api"},"extension":{},"message":"Beginning execution of \"api\""}}
[debug] [2022-08-13T03:42:13.054Z] [runtime-status] [13316] Running api in signature http {"metadata":{"emulator":{"name":"functions"},"function":{"name":"us-central1-api"},"extension":{},"message":"[runtime-status] [13316] Running api in signature http"}}
[debug] [2022-08-13T03:42:13.556Z] [runtime-status] [13316] Listening to port: \\?\pipe\fire_emu_ce7a538d2cd9ea60 {"metadata":{"emulator":{"name":"functions"},"function":{"name":"us-central1-api"},"extension":{},"message":"[runtime-status] [13316] Listening to port: \\\\?\\pipe\\fire_emu_ce7a538d2cd9ea60"}}
[debug] [2022-08-13T03:42:14.926Z] [functions] Runtime ready! Sending request! {"metadata":{"emulator":{"name":"functions"},"message":"[functions] Runtime ready! Sending request!"}}
[debug] [2022-08-13T03:42:14.948Z] [functions] Got req.url=/challenge-37115/us-central1/api/payments/create?total=25096, mapping to path=/payments/create?total=25096 {"metadata":{"emulator":{"name":"functions"},"message":"[functions] Got req.url=/challenge-37115/us-central1/api/payments/create?total=25096, mapping to path=/payments/create?total=25096"}}
[debug] [2022-08-13T03:42:15.287Z] [runtime-status] [13316] Ephemeral server handling POST request {"metadata":{"emulator":{"name":"functions"},"function":{"name":"us-central1-api"},"extension":{},"message":"[runtime-status] [13316] Ephemeral server handling POST request"}}
[info] >  Payment requeste received BOOM!! for this amount >>> 25096 {"user":"Payment requeste received BOOM!! for this amount >>> 25096","metadata":{"emulator":{"name":"functions"},"function":{"name":"us-central1-api"},"extension":{},"message":"\u001b[90m> \u001b[39m Payment requeste received BOOM!! for this amount >>> 25096"}}
[debug] [2022-08-13T03:42:15.918Z] [runtime-status] [13316] Ephemeral server survived. {"metadata":{"emulator":{"name":"functions"},"function":{"name":"us-central1-api"},"extension":{},"message":"[runtime-status] [13316] Ephemeral server survived."}}
[debug] FirebaseError: Failed to load function.
    at Timeout._onTimeout (C:\Users\ADMIN\AppData\Roaming\npm\node_modules\firebase-tools\lib\emulator\functionsRuntimeWorker.js:104:24)
    at listOnTimeout (node:internal/timers:559:17)
    at processTimers (node:internal/timers:502:7) {"metadata":{"emulator":{"name":"functions"},"message":{"name":"FirebaseError","children":[],"exit":1,"message":"Failed to load function.","status":500}}}
[debug] [2022-08-13T03:42:16.682Z] [work-queue] {"queueLength":0,"workRunningCount":2}
[debug] FirebaseError: Failed to load function.
    at Timeout._onTimeout (C:\Users\ADMIN\AppData\Roaming\npm\node_modules\firebase-tools\lib\emulator\functionsRuntimeWorker.js:104:24)
    at listOnTimeout (node:internal/timers:559:17)
    at processTimers (node:internal/timers:502:7) {"metadata":{"emulator":{"name":"functions"},"message":{"name":"FirebaseError","children":[],"exit":1,"message":"Failed to load function.","status":500}}}
[debug] [2022-08-13T03:42:17.429Z] [work-queue] {"queueLength":0,"workRunningCount":1}
[info] i  functions: Finished "api" in ~10s {"metadata":{"emulator":{"name":"functions"},"function":{"name":"us-central1-api"},"extension":{},"message":"Finished \"api\" in ~10s"}}
[debug] [2022-08-13T03:42:23.086Z] [worker-us-central1-api-93103712-35ec-4e85-8dd0-bcd727079909]: IDLE {"metadata":{"emulator":{"name":"functions"},"message":"[worker-us-central1-api-93103712-35ec-4e85-8dd0-bcd727079909]: IDLE"}}
[debug] [2022-08-13T03:42:23.086Z] [work-queue] {"queueLength":0,"workRunningCount":0}
[debug] [2022-08-13T03:43:55.311Z] [runtime-status] [4512] Resolved module firebase-admin {"declared":true,"installed":true,"version":"10.3.0","resolution":"E:\\WEB_DEVELOPEMENT_BOOTCAMP_Dr_ANGELA_YU\\AmazonCloneProject\\amazon-clone\\functions\\node_modules\\firebase-admin\\lib\\index.js"} {"metadata":{"emulator":{"name":"functions"},"function":{"name":"us-central1-api"},"extension":{},"message":"[runtime-status] [4512] Resolved module firebase-admin {\"declared\":true,\"installed\":true,\"version\":\"10.3.0\",\"resolution\":\"E:\\\\WEB_DEVELOPEMENT_BOOTCAMP_Dr_ANGELA_YU\\\\AmazonCloneProject\\\\amazon-clone\\\\functions\\\\node_modules\\\\firebase-admin\\\\lib\\\\index.js\"}"}}
[debug] [2022-08-13T03:43:55.314Z] [runtime-status] [8704] Resolved module firebase-admin {"declared":true,"installed":true,"version":"10.3.0","resolution":"E:\\WEB_DEVELOPEMENT_BOOTCAMP_Dr_ANGELA_YU\\AmazonCloneProject\\amazon-clone\\functions\\node_modules\\firebase-admin\\lib\\index.js"} {"metadata":{"emulator":{"name":"functions"},"function":{"name":"us-central1-api"},"extension":{},"message":"[runtime-status] [8704] Resolved module firebase-admin {\"declared\":true,\"installed\":true,\"version\":\"10.3.0\",\"resolution\":\"E:\\\\WEB_DEVELOPEMENT_BOOTCAMP_Dr_ANGELA_YU\\\\AmazonCloneProject\\\\amazon-clone\\\\functions\\\\node_modules\\\\firebase-admin\\\\lib\\\\index.js\"}"}}
[debug] [2022-08-13T03:43:55.472Z] [runtime-status] [4512] Resolved module firebase-functions {"declared":true,"installed":true,"version":"3.22.0","resolution":"E:\\WEB_DEVELOPEMENT_BOOTCAMP_Dr_ANGELA_YU\\AmazonCloneProject\\amazon-clone\\functions\\node_modules\\firebase-functions\\lib\\index.js"} {"metadata":{"emulator":{"name":"functions"},"function":{"name":"us-central1-api"},"extension":{},"message":"[runtime-status] [4512] Resolved module firebase-functions {\"declared\":true,\"installed\":true,\"version\":\"3.22.0\",\"resolution\":\"E:\\\\WEB_DEVELOPEMENT_BOOTCAMP_Dr_ANGELA_YU\\\\AmazonCloneProject\\\\amazon-clone\\\\functions\\\\node_modules\\\\firebase-functions\\\\lib\\\\index.js\"}"}}
[debug] [2022-08-13T03:43:55.473Z] [runtime-status] [8704] Resolved module firebase-functions {"declared":true,"installed":true,"version":"3.22.0","resolution":"E:\\WEB_DEVELOPEMENT_BOOTCAMP_Dr_ANGELA_YU\\AmazonCloneProject\\amazon-clone\\functions\\node_modules\\firebase-functions\\lib\\index.js"} {"metadata":{"emulator":{"name":"functions"},"function":{"name":"us-central1-api"},"extension":{},"message":"[runtime-status] [8704] Resolved module firebase-functions {\"declared\":true,\"installed\":true,\"version\":\"3.22.0\",\"resolution\":\"E:\\\\WEB_DEVELOPEMENT_BOOTCAMP_Dr_ANGELA_YU\\\\AmazonCloneProject\\\\amazon-clone\\\\functions\\\\node_modules\\\\firebase-functions\\\\lib\\\\index.js\"}"}}
[debug] [2022-08-13T03:43:55.580Z] [runtime-status] [8704] Outgoing network have been stubbed. [{"name":"http","status":"mocked"},{"name":"http","status":"mocked"},{"name":"https","status":"mocked"},{"name":"https","status":"mocked"},{"name":"net","status":"mocked"}] {"metadata":{"emulator":{"name":"functions"},"function":{"name":"us-central1-api"},"extension":{},"message":"[runtime-status] [8704] Outgoing network have been stubbed. [{\"name\":\"http\",\"status\":\"mocked\"},{\"name\":\"http\",\"status\":\"mocked\"},{\"name\":\"https\",\"status\":\"mocked\"},{\"name\":\"https\",\"status\":\"mocked\"},{\"name\":\"net\",\"status\":\"mocked\"}]"}}
[debug] [2022-08-13T03:43:55.581Z] [runtime-status] [8704] Resolved module firebase-functions {"declared":true,"installed":true,"version":"3.22.0","resolution":"E:\\WEB_DEVELOPEMENT_BOOTCAMP_Dr_ANGELA_YU\\AmazonCloneProject\\amazon-clone\\functions\\node_modules\\firebase-functions\\lib\\index.js"} {"metadata":{"emulator":{"name":"functions"},"function":{"name":"us-central1-api"},"extension":{},"message":"[runtime-status] [8704] Resolved module firebase-functions {\"declared\":true,\"installed\":true,\"version\":\"3.22.0\",\"resolution\":\"E:\\\\WEB_DEVELOPEMENT_BOOTCAMP_Dr_ANGELA_YU\\\\AmazonCloneProject\\\\amazon-clone\\\\functions\\\\node_modules\\\\firebase-functions\\\\lib\\\\index.js\"}"}}
[debug] [2022-08-13T03:43:55.638Z] [runtime-status] [4512] Outgoing network have been stubbed. [{"name":"http","status":"mocked"},{"name":"http","status":"mocked"},{"name":"https","status":"mocked"},{"name":"https","status":"mocked"},{"name":"net","status":"mocked"}] {"metadata":{"emulator":{"name":"functions"},"function":{"name":"us-central1-api"},"extension":{},"message":"[runtime-status] [4512] Outgoing network have been stubbed. [{\"name\":\"http\",\"status\":\"mocked\"},{\"name\":\"http\",\"status\":\"mocked\"},{\"name\":\"https\",\"status\":\"mocked\"},{\"name\":\"https\",\"status\":\"mocked\"},{\"name\":\"net\",\"status\":\"mocked\"}]"}}
[debug] [2022-08-13T03:43:55.639Z] [runtime-status] [4512] Resolved module firebase-functions {"declared":true,"installed":true,"version":"3.22.0","resolution":"E:\\WEB_DEVELOPEMENT_BOOTCAMP_Dr_ANGELA_YU\\AmazonCloneProject\\amazon-clone\\functions\\node_modules\\firebase-functions\\lib\\index.js"} {"metadata":{"emulator":{"name":"functions"},"function":{"name":"us-central1-api"},"extension":{},"message":"[runtime-status] [4512] Resolved module firebase-functions {\"declared\":true,\"installed\":true,\"version\":\"3.22.0\",\"resolution\":\"E:\\\\WEB_DEVELOPEMENT_BOOTCAMP_Dr_ANGELA_YU\\\\AmazonCloneProject\\\\amazon-clone\\\\functions\\\\node_modules\\\\firebase-functions\\\\lib\\\\index.js\"}"}}
[debug] [2022-08-13T03:44:02.465Z] [runtime-status] [8704] Checked functions.config() {"config":{}} {"metadata":{"emulator":{"name":"functions"},"function":{"name":"us-central1-api"},"extension":{},"message":"[runtime-status] [8704] Checked functions.config() {\"config\":{}}"}}
[debug] [2022-08-13T03:44:02.467Z] [runtime-status] [4512] Checked functions.config() {"config":{}} {"metadata":{"emulator":{"name":"functions"},"function":{"name":"us-central1-api"},"extension":{},"message":"[runtime-status] [4512] Checked functions.config() {\"config\":{}}"}}
[debug] [2022-08-13T03:44:02.469Z] [runtime-status] [4512] firebase-functions has been stubbed. {"functionsResolution":{"declared":true,"installed":true,"version":"3.22.0","resolution":"E:\\WEB_DEVELOPEMENT_BOOTCAMP_Dr_ANGELA_YU\\AmazonCloneProject\\amazon-clone\\functions\\node_modules\\firebase-functions\\lib\\index.js"}} {"metadata":{"emulator":{"name":"functions"},"function":{"name":"us-central1-api"},"extension":{},"message":"[runtime-status] [4512] firebase-functions has been stubbed. {\"functionsResolution\":{\"declared\":true,\"installed\":true,\"version\":\"3.22.0\",\"resolution\":\"E:\\\\WEB_DEVELOPEMENT_BOOTCAMP_Dr_ANGELA_YU\\\\AmazonCloneProject\\\\amazon-clone\\\\functions\\\\node_modules\\\\firebase-functions\\\\lib\\\\index.js\"}}"}}
[debug] [2022-08-13T03:44:02.471Z] [runtime-status] [8704] firebase-functions has been stubbed. {"functionsResolution":{"declared":true,"installed":true,"version":"3.22.0","resolution":"E:\\WEB_DEVELOPEMENT_BOOTCAMP_Dr_ANGELA_YU\\AmazonCloneProject\\amazon-clone\\functions\\node_modules\\firebase-functions\\lib\\index.js"}} {"metadata":{"emulator":{"name":"functions"},"function":{"name":"us-central1-api"},"extension":{},"message":"[runtime-status] [8704] firebase-functions has been stubbed. {\"functionsResolution\":{\"declared\":true,\"installed\":true,\"version\":\"3.22.0\",\"resolution\":\"E:\\\\WEB_DEVELOPEMENT_BOOTCAMP_Dr_ANGELA_YU\\\\AmazonCloneProject\\\\amazon-clone\\\\functions\\\\node_modules\\\\firebase-functions\\\\lib\\\\index.js\"}}"}}
[debug] [2022-08-13T03:44:02.474Z] [runtime-status] [4512] Resolved module firebase-functions {"declared":true,"installed":true,"version":"3.22.0","resolution":"E:\\WEB_DEVELOPEMENT_BOOTCAMP_Dr_ANGELA_YU\\AmazonCloneProject\\amazon-clone\\functions\\node_modules\\firebase-functions\\lib\\index.js"} {"metadata":{"emulator":{"name":"functions"},"function":{"name":"us-central1-api"},"extension":{},"message":"[runtime-status] [4512] Resolved module firebase-functions {\"declared\":true,\"installed\":true,\"version\":\"3.22.0\",\"resolution\":\"E:\\\\WEB_DEVELOPEMENT_BOOTCAMP_Dr_ANGELA_YU\\\\AmazonCloneProject\\\\amazon-clone\\\\functions\\\\node_modules\\\\firebase-functions\\\\lib\\\\index.js\"}"}}
[debug] [2022-08-13T03:44:02.476Z] [runtime-status] [8704] Resolved module firebase-functions {"declared":true,"installed":true,"version":"3.22.0","resolution":"E:\\WEB_DEVELOPEMENT_BOOTCAMP_Dr_ANGELA_YU\\AmazonCloneProject\\amazon-clone\\functions\\node_modules\\firebase-functions\\lib\\index.js"} {"metadata":{"emulator":{"name":"functions"},"function":{"name":"us-central1-api"},"extension":{},"message":"[runtime-status] [8704] Resolved module firebase-functions {\"declared\":true,\"installed\":true,\"version\":\"3.22.0\",\"resolution\":\"E:\\\\WEB_DEVELOPEMENT_BOOTCAMP_Dr_ANGELA_YU\\\\AmazonCloneProject\\\\amazon-clone\\\\functions\\\\node_modules\\\\firebase-functions\\\\lib\\\\index.js\"}"}}
[debug] [2022-08-13T03:44:02.545Z] [runtime-status] [8704] Resolved module firebase-admin {"declared":true,"installed":true,"version":"10.3.0","resolution":"E:\\WEB_DEVELOPEMENT_BOOTCAMP_Dr_ANGELA_YU\\AmazonCloneProject\\amazon-clone\\functions\\node_modules\\firebase-admin\\lib\\index.js"} {"metadata":{"emulator":{"name":"functions"},"function":{"name":"us-central1-api"},"extension":{},"message":"[runtime-status] [8704] Resolved module firebase-admin {\"declared\":true,\"installed\":true,\"version\":\"10.3.0\",\"resolution\":\"E:\\\\WEB_DEVELOPEMENT_BOOTCAMP_Dr_ANGELA_YU\\\\AmazonCloneProject\\\\amazon-clone\\\\functions\\\\node_modules\\\\firebase-admin\\\\lib\\\\index.js\"}"}}
[debug] [2022-08-13T03:44:02.547Z] [runtime-status] [4512] Resolved module firebase-admin {"declared":true,"installed":true,"version":"10.3.0","resolution":"E:\\WEB_DEVELOPEMENT_BOOTCAMP_Dr_ANGELA_YU\\AmazonCloneProject\\amazon-clone\\functions\\node_modules\\firebase-admin\\lib\\index.js"} {"metadata":{"emulator":{"name":"functions"},"function":{"name":"us-central1-api"},"extension":{},"message":"[runtime-status] [4512] Resolved module firebase-admin {\"declared\":true,\"installed\":true,\"version\":\"10.3.0\",\"resolution\":\"E:\\\\WEB_DEVELOPEMENT_BOOTCAMP_Dr_ANGELA_YU\\\\AmazonCloneProject\\\\amazon-clone\\\\functions\\\\node_modules\\\\firebase-admin\\\\lib\\\\index.js\"}"}}
[debug] [2022-08-13T03:44:02.551Z] [runtime-status] [8704] Resolved module firebase-functions {"declared":true,"installed":true,"version":"3.22.0","resolution":"E:\\WEB_DEVELOPEMENT_BOOTCAMP_Dr_ANGELA_YU\\AmazonCloneProject\\amazon-clone\\functions\\node_modules\\firebase-functions\\lib\\index.js"} {"metadata":{"emulator":{"name":"functions"},"function":{"name":"us-central1-api"},"extension":{},"message":"[runtime-status] [8704] Resolved module firebase-functions {\"declared\":true,\"installed\":true,\"version\":\"3.22.0\",\"resolution\":\"E:\\\\WEB_DEVELOPEMENT_BOOTCAMP_Dr_ANGELA_YU\\\\AmazonCloneProject\\\\amazon-clone\\\\functions\\\\node_modules\\\\firebase-functions\\\\lib\\\\index.js\"}"}}
[debug] [2022-08-13T03:44:02.552Z] [runtime-status] [8704] firebase-admin has been stubbed. {"adminResolution":{"declared":true,"installed":true,"version":"10.3.0","resolution":"E:\\WEB_DEVELOPEMENT_BOOTCAMP_Dr_ANGELA_YU\\AmazonCloneProject\\amazon-clone\\functions\\node_modules\\firebase-admin\\lib\\index.js"}} {"metadata":{"emulator":{"name":"functions"},"function":{"name":"us-central1-api"},"extension":{},"message":"[runtime-status] [8704] firebase-admin has been stubbed. {\"adminResolution\":{\"declared\":true,\"installed\":true,\"version\":\"10.3.0\",\"resolution\":\"E:\\\\WEB_DEVELOPEMENT_BOOTCAMP_Dr_ANGELA_YU\\\\AmazonCloneProject\\\\amazon-clone\\\\functions\\\\node_modules\\\\firebase-admin\\\\lib\\\\index.js\"}}"}}
[debug] [2022-08-13T03:44:02.630Z] [runtime-status] [8704] Functions runtime initialized. {"cwd":"E:\\WEB_DEVELOPEMENT_BOOTCAMP_Dr_ANGELA_YU\\AmazonCloneProject\\amazon-clone\\functions","node_version":"16.15.1"} {"metadata":{"emulator":{"name":"functions"},"function":{"name":"us-central1-api"},"extension":{},"message":"[runtime-status] [8704] Functions runtime initialized. {\"cwd\":\"E:\\\\WEB_DEVELOPEMENT_BOOTCAMP_Dr_ANGELA_YU\\\\AmazonCloneProject\\\\amazon-clone\\\\functions\",\"node_version\":\"16.15.1\"}"}}
[debug] [2022-08-13T03:44:02.631Z] [runtime-status] [4512] Resolved module firebase-functions {"declared":true,"installed":true,"version":"3.22.0","resolution":"E:\\WEB_DEVELOPEMENT_BOOTCAMP_Dr_ANGELA_YU\\AmazonCloneProject\\amazon-clone\\functions\\node_modules\\firebase-functions\\lib\\index.js"} {"metadata":{"emulator":{"name":"functions"},"function":{"name":"us-central1-api"},"extension":{},"message":"[runtime-status] [4512] Resolved module firebase-functions {\"declared\":true,\"installed\":true,\"version\":\"3.22.0\",\"resolution\":\"E:\\\\WEB_DEVELOPEMENT_BOOTCAMP_Dr_ANGELA_YU\\\\AmazonCloneProject\\\\amazon-clone\\\\functions\\\\node_modules\\\\firebase-functions\\\\lib\\\\index.js\"}"}}
[debug] [2022-08-13T03:44:02.633Z] [runtime-status] [4512] firebase-admin has been stubbed. {"adminResolution":{"declared":true,"installed":true,"version":"10.3.0","resolution":"E:\\WEB_DEVELOPEMENT_BOOTCAMP_Dr_ANGELA_YU\\AmazonCloneProject\\amazon-clone\\functions\\node_modules\\firebase-admin\\lib\\index.js"}} {"metadata":{"emulator":{"name":"functions"},"function":{"name":"us-central1-api"},"extension":{},"message":"[runtime-status] [4512] firebase-admin has been stubbed. {\"adminResolution\":{\"declared\":true,\"installed\":true,\"version\":\"10.3.0\",\"resolution\":\"E:\\\\WEB_DEVELOPEMENT_BOOTCAMP_Dr_ANGELA_YU\\\\AmazonCloneProject\\\\amazon-clone\\\\functions\\\\node_modules\\\\firebase-admin\\\\lib\\\\index.js\"}}"}}
[debug] [2022-08-13T03:44:02.633Z] [runtime-status] [4512] Functions runtime initialized. {"cwd":"E:\\WEB_DEVELOPEMENT_BOOTCAMP_Dr_ANGELA_YU\\AmazonCloneProject\\amazon-clone\\functions","node_version":"16.15.1"} {"metadata":{"emulator":{"name":"functions"},"function":{"name":"us-central1-api"},"extension":{},"message":"[runtime-status] [4512] Functions runtime initialized. {\"cwd\":\"E:\\\\WEB_DEVELOPEMENT_BOOTCAMP_Dr_ANGELA_YU\\\\AmazonCloneProject\\\\amazon-clone\\\\functions\",\"node_version\":\"16.15.1\"}"}}
[debug] [2022-08-13T03:44:17.323Z] [runtime-status] [8704] Beginning invocation function api! {"metadata":{"emulator":{"name":"functions"},"function":{"name":"us-central1-api"},"extension":{},"message":"[runtime-status] [8704] Beginning invocation function api!"}}
[debug] [2022-08-13T03:44:17.324Z] [runtime-status] [4512] Beginning invocation function api! {"metadata":{"emulator":{"name":"functions"},"function":{"name":"us-central1-api"},"extension":{},"message":"[runtime-status] [4512] Beginning invocation function api!"}}
[info] i  functions: Beginning execution of "api" {"metadata":{"emulator":{"name":"functions"},"function":{"name":"us-central1-api"},"extension":{},"message":"Beginning execution of \"api\""}}
[debug] [2022-08-13T03:44:17.327Z] [runtime-status] [8704] Running api in signature http {"metadata":{"emulator":{"name":"functions"},"function":{"name":"us-central1-api"},"extension":{},"message":"[runtime-status] [8704] Running api in signature http"}}
[info] i  functions: Beginning execution of "api" {"metadata":{"emulator":{"name":"functions"},"function":{"name":"us-central1-api"},"extension":{},"message":"Beginning execution of \"api\""}}
[debug] [2022-08-13T03:44:17.548Z] [runtime-status] [4512] Running api in signature http {"metadata":{"emulator":{"name":"functions"},"function":{"name":"us-central1-api"},"extension":{},"message":"[runtime-status] [4512] Running api in signature http"}}
[debug] [2022-08-13T03:44:18.120Z] [runtime-status] [8704] Listening to port: \\?\pipe\fire_emu_feb0e086cbcb4917 {"metadata":{"emulator":{"name":"functions"},"function":{"name":"us-central1-api"},"extension":{},"message":"[runtime-status] [8704] Listening to port: \\\\?\\pipe\\fire_emu_feb0e086cbcb4917"}}
[debug] [2022-08-13T03:44:18.121Z] [runtime-status] [4512] Listening to port: \\?\pipe\fire_emu_dcf89cbbda9520f1 {"metadata":{"emulator":{"name":"functions"},"function":{"name":"us-central1-api"},"extension":{},"message":"[runtime-status] [4512] Listening to port: \\\\?\\pipe\\fire_emu_dcf89cbbda9520f1"}}
[warn] !  functions: Your function timed out after ~60s. To configure this timeout, see
      https://firebase.google.com/docs/functions/manage-functions#set_timeout_and_memory_allocation. {"metadata":{"emulator":{"name":"functions"},"function":{"name":"us-central1-api"},"extension":{},"message":"Your function timed out after ~60s. To configure this timeout, see\n      https://firebase.google.com/docs/functions/manage-functions#set_timeout_and_memory_allocation."}}
[warn] !  functions: Your function timed out after ~60s. To configure this timeout, see
      https://firebase.google.com/docs/functions/manage-functions#set_timeout_and_memory_allocation. {"metadata":{"emulator":{"name":"functions"},"function":{"name":"us-central1-api"},"extension":{},"message":"Your function timed out after ~60s. To configure this timeout, see\n      https://firebase.google.com/docs/functions/manage-functions#set_timeout_and_memory_allocation."}}
[info] >  C:\Users\ADMIN\AppData\Roaming\npm\node_modules\firebase-tools\lib\emulator\functionsEmulatorRuntime.js:635 {"user":"C:\\Users\\ADMIN\\AppData\\Roaming\\npm\\node_modules\\firebase-tools\\lib\\emulator\\functionsEmulatorRuntime.js:635\r","metadata":{"emulator":{"name":"functions"},"function":{"name":"us-central1-api"},"extension":{},"message":"\u001b[90m> \u001b[39m C:\\Users\\ADMIN\\AppData\\Roaming\\npm\\node_modules\\firebase-tools\\lib\\emulator\\functionsEmulatorRuntime.js:635\r"}}
[info] >              throw new Error("Function timed out."); {"user":"            throw new Error(\"Function timed out.\");\r","metadata":{"emulator":{"name":"functions"},"function":{"name":"us-central1-api"},"extension":{},"message":"\u001b[90m> \u001b[39m             throw new Error(\"Function timed out.\");\r"}}
[info] >              ^ {"user":"            ^\r","metadata":{"emulator":{"name":"functions"},"function":{"name":"us-central1-api"},"extension":{},"message":"\u001b[90m> \u001b[39m             ^\r"}}
[info] >   {"user":"\r","metadata":{"emulator":{"name":"functions"},"function":{"name":"us-central1-api"},"extension":{},"message":"\u001b[90m> \u001b[39m \r"}}
[info] >  Error: Function timed out. {"user":"Error: Function timed out.\r","metadata":{"emulator":{"name":"functions"},"function":{"name":"us-central1-api"},"extension":{},"message":"\u001b[90m> \u001b[39m Error: Function timed out.\r"}}
[info] >      at Timeout._onTimeout (C:\Users\ADMIN\AppData\Roaming\npm\node_modules\firebase-tools\lib\emulator\functionsEmulatorRuntime.js:635:19) {"user":"    at Timeout._onTimeout (C:\\Users\\ADMIN\\AppData\\Roaming\\npm\\node_modules\\firebase-tools\\lib\\emulator\\functionsEmulatorRuntime.js:635:19)\r","metadata":{"emulator":{"name":"functions"},"function":{"name":"us-central1-api"},"extension":{},"message":"\u001b[90m> \u001b[39m     at Timeout._onTimeout (C:\\Users\\ADMIN\\AppData\\Roaming\\npm\\node_modules\\firebase-tools\\lib\\emulator\\functionsEmulatorRuntime.js:635:19)\r"}}
[info] >      at listOnTimeout (node:internal/timers:559:17) {"user":"    at listOnTimeout (node:internal/timers:559:17)\r","metadata":{"emulator":{"name":"functions"},"function":{"name":"us-central1-api"},"extension":{},"message":"\u001b[90m> \u001b[39m     at listOnTimeout (node:internal/timers:559:17)\r"}}
[info] >      at processTimers (node:internal/timers:502:7) {"user":"    at processTimers (node:internal/timers:502:7)\r","metadata":{"emulator":{"name":"functions"},"function":{"name":"us-central1-api"},"extension":{},"message":"\u001b[90m> \u001b[39m     at processTimers (node:internal/timers:502:7)\r"}}
[info] >  C:\Users\ADMIN\AppData\Roaming\npm\node_modules\firebase-tools\lib\emulator\functionsEmulatorRuntime.js:635 {"user":"C:\\Users\\ADMIN\\AppData\\Roaming\\npm\\node_modules\\firebase-tools\\lib\\emulator\\functionsEmulatorRuntime.js:635\r","metadata":{"emulator":{"name":"functions"},"function":{"name":"us-central1-api"},"extension":{},"message":"\u001b[90m> \u001b[39m C:\\Users\\ADMIN\\AppData\\Roaming\\npm\\node_modules\\firebase-tools\\lib\\emulator\\functionsEmulatorRuntime.js:635\r"}}
[info] >              throw new Error("Function timed out."); {"user":"            throw new Error(\"Function timed out.\");\r","metadata":{"emulator":{"name":"functions"},"function":{"name":"us-central1-api"},"extension":{},"message":"\u001b[90m> \u001b[39m             throw new Error(\"Function timed out.\");\r"}}
[info] >              ^ {"user":"            ^\r","metadata":{"emulator":{"name":"functions"},"function":{"name":"us-central1-api"},"extension":{},"message":"\u001b[90m> \u001b[39m             ^\r"}}
[info] >   {"user":"\r","metadata":{"emulator":{"name":"functions"},"function":{"name":"us-central1-api"},"extension":{},"message":"\u001b[90m> \u001b[39m \r"}}
[info] >  Error: Function timed out. {"user":"Error: Function timed out.\r","metadata":{"emulator":{"name":"functions"},"function":{"name":"us-central1-api"},"extension":{},"message":"\u001b[90m> \u001b[39m Error: Function timed out.\r"}}
[info] >      at Timeout._onTimeout (C:\Users\ADMIN\AppData\Roaming\npm\node_modules\firebase-tools\lib\emulator\functionsEmulatorRuntime.js:635:19) {"user":"    at Timeout._onTimeout (C:\\Users\\ADMIN\\AppData\\Roaming\\npm\\node_modules\\firebase-tools\\lib\\emulator\\functionsEmulatorRuntime.js:635:19)\r","metadata":{"emulator":{"name":"functions"},"function":{"name":"us-central1-api"},"extension":{},"message":"\u001b[90m> \u001b[39m     at Timeout._onTimeout (C:\\Users\\ADMIN\\AppData\\Roaming\\npm\\node_modules\\firebase-tools\\lib\\emulator\\functionsEmulatorRuntime.js:635:19)\r"}}
[info] >      at listOnTimeout (node:internal/timers:559:17) {"user":"    at listOnTimeout (node:internal/timers:559:17)\r","metadata":{"emulator":{"name":"functions"},"function":{"name":"us-central1-api"},"extension":{},"message":"\u001b[90m> \u001b[39m     at listOnTimeout (node:internal/timers:559:17)\r"}}
[info] >      at processTimers (node:internal/timers:502:7) {"user":"    at processTimers (node:internal/timers:502:7)\r","metadata":{"emulator":{"name":"functions"},"function":{"name":"us-central1-api"},"extension":{},"message":"\u001b[90m> \u001b[39m     at processTimers (node:internal/timers:502:7)\r"}}
[debug] [2022-08-13T03:45:17.647Z] [worker-us-central1-api-f257a80b-3618-48c3-ad0b-f8afc162e4a5]: exited {"metadata":{"emulator":{"name":"functions"},"message":"[worker-us-central1-api-f257a80b-3618-48c3-ad0b-f8afc162e4a5]: exited"}}
[debug] [2022-08-13T03:45:17.647Z] [worker-us-central1-api-f257a80b-3618-48c3-ad0b-f8afc162e4a5]: FINISHED {"metadata":{"emulator":{"name":"functions"},"message":"[worker-us-central1-api-f257a80b-3618-48c3-ad0b-f8afc162e4a5]: FINISHED"}}
[debug] [2022-08-13T03:45:17.671Z] [worker-us-central1-api-2d562794-1ec4-477d-99a9-06cec9d17334]: exited {"metadata":{"emulator":{"name":"functions"},"message":"[worker-us-central1-api-2d562794-1ec4-477d-99a9-06cec9d17334]: exited"}}
[debug] [2022-08-13T03:45:17.671Z] [worker-us-central1-api-2d562794-1ec4-477d-99a9-06cec9d17334]: FINISHED {"metadata":{"emulator":{"name":"functions"},"message":"[worker-us-central1-api-2d562794-1ec4-477d-99a9-06cec9d17334]: FINISHED"}}
[debug] [2022-08-13T03:53:59.134Z] [work-queue] {"queueLength":1,"workRunningCount":0}
[debug] [2022-08-13T03:54:00.110Z] [work-queue] {"queueLength":0,"workRunningCount":1}
[debug] [2022-08-13T03:54:00.257Z] Accepted request GET /challenge-37115/us-central1/api --> us-central1-api
[debug] [2022-08-13T03:54:00.739Z] [worker-pool] Cleaned up workers for us-central1-api: 3 --> 1 {"metadata":{"emulator":{"name":"functions"},"message":"[worker-pool] Cleaned up workers for us-central1-api: 3 --> 1"}}
[debug] [2022-08-13T03:54:00.795Z] [worker-pool] submitWork(triggerId=us-central1-api) {"metadata":{"emulator":{"name":"functions"},"message":"[worker-pool] submitWork(triggerId=us-central1-api)"}}
[debug] [2022-08-13T03:54:00.843Z] [worker-us-central1-api-93103712-35ec-4e85-8dd0-bcd727079909]: BUSY {"metadata":{"emulator":{"name":"functions"},"message":"[worker-us-central1-api-93103712-35ec-4e85-8dd0-bcd727079909]: BUSY"}}
[debug] [2022-08-13T03:54:06.758Z] [runtime-status] [13316] Beginning invocation function api! {"metadata":{"emulator":{"name":"functions"},"function":{"name":"us-central1-api"},"extension":{},"message":"[runtime-status] [13316] Beginning invocation function api!"}}
[info] i  functions: Beginning execution of "api" {"metadata":{"emulator":{"name":"functions"},"function":{"name":"us-central1-api"},"extension":{},"message":"Beginning execution of \"api\""}}
[debug] [2022-08-13T03:54:08.088Z] [runtime-status] [13316] Running api in signature http {"metadata":{"emulator":{"name":"functions"},"function":{"name":"us-central1-api"},"extension":{},"message":"[runtime-status] [13316] Running api in signature http"}}
[debug] FirebaseError: Failed to load function.
    at Timeout._onTimeout (C:\Users\ADMIN\AppData\Roaming\npm\node_modules\firebase-tools\lib\emulator\functionsRuntimeWorker.js:104:24)
    at listOnTimeout (node:internal/timers:559:17)
    at processTimers (node:internal/timers:502:7) {"metadata":{"emulator":{"name":"functions"},"message":{"name":"FirebaseError","children":[],"exit":1,"message":"Failed to load function.","status":500}}}
[debug] [2022-08-13T03:54:08.945Z] [work-queue] {"queueLength":0,"workRunningCount":0}
[debug] [2022-08-13T03:54:11.385Z] [runtime-status] [13316] Listening to port: \\?\pipe\fire_emu_ce7a538d2cd9ea60 {"metadata":{"emulator":{"name":"functions"},"function":{"name":"us-central1-api"},"extension":{},"message":"[runtime-status] [13316] Listening to port: \\\\?\\pipe\\fire_emu_ce7a538d2cd9ea60"}}
[debug] [2022-08-13T03:54:41.912Z] [work-queue] {"queueLength":1,"workRunningCount":0}
[debug] [2022-08-13T03:54:41.958Z] [work-queue] {"queueLength":0,"workRunningCount":1}
[debug] [2022-08-13T03:54:41.958Z] Accepted request GET /challenge-37115/us-central1/api --> us-central1-api
[debug] [2022-08-13T03:54:42.589Z] [worker-pool] addWorker(us-central1-api) {"metadata":{"emulator":{"name":"functions"},"message":"[worker-pool] addWorker(us-central1-api)"}}
[debug] [2022-08-13T03:54:42.590Z] [worker-pool] Adding worker with key us-central1-api, total=2 {"metadata":{"emulator":{"name":"functions"},"message":"[worker-pool] Adding worker with key us-central1-api, total=2"}}
[debug] [2022-08-13T03:54:42.591Z] [worker-pool] submitWork(triggerId=us-central1-api) {"metadata":{"emulator":{"name":"functions"},"message":"[worker-pool] submitWork(triggerId=us-central1-api)"}}
[debug] [2022-08-13T03:54:42.591Z] [worker-us-central1-api-19e2021f-0190-4f08-8e14-7a52ba97c5ac]: BUSY {"metadata":{"emulator":{"name":"functions"},"message":"[worker-us-central1-api-19e2021f-0190-4f08-8e14-7a52ba97c5ac]: BUSY"}}
[debug] FirebaseError: Failed to load function.
    at Timeout._onTimeout (C:\Users\ADMIN\AppData\Roaming\npm\node_modules\firebase-tools\lib\emulator\functionsRuntimeWorker.js:104:24)
    at listOnTimeout (node:internal/timers:559:17)
    at processTimers (node:internal/timers:502:7) {"metadata":{"emulator":{"name":"functions"},"message":{"name":"FirebaseError","children":[],"exit":1,"message":"Failed to load function.","status":500}}}
[debug] [2022-08-13T03:54:49.686Z] [work-queue] {"queueLength":0,"workRunningCount":0}
[debug] [2022-08-13T03:55:03.275Z] [work-queue] {"queueLength":1,"workRunningCount":0}
[debug] [2022-08-13T03:55:03.275Z] [work-queue] {"queueLength":0,"workRunningCount":1}
[debug] [2022-08-13T03:55:03.276Z] Accepted request GET /challenge-37115/us-central1/api --> us-central1-api
[debug] [2022-08-13T03:55:03.323Z] [worker-pool] addWorker(us-central1-api) {"metadata":{"emulator":{"name":"functions"},"message":"[worker-pool] addWorker(us-central1-api)"}}
[debug] [2022-08-13T03:55:03.324Z] [worker-pool] Adding worker with key us-central1-api, total=3 {"metadata":{"emulator":{"name":"functions"},"message":"[worker-pool] Adding worker with key us-central1-api, total=3"}}
[debug] [2022-08-13T03:55:03.324Z] [worker-pool] submitWork(triggerId=us-central1-api) {"metadata":{"emulator":{"name":"functions"},"message":"[worker-pool] submitWork(triggerId=us-central1-api)"}}
[debug] [2022-08-13T03:55:03.325Z] [worker-us-central1-api-a1706626-2e18-4ba1-8797-7ae5b024429b]: BUSY {"metadata":{"emulator":{"name":"functions"},"message":"[worker-us-central1-api-a1706626-2e18-4ba1-8797-7ae5b024429b]: BUSY"}}
[warn] !  functions: Your function timed out after ~60s. To configure this timeout, see
      https://firebase.google.com/docs/functions/manage-functions#set_timeout_and_memory_allocation. {"metadata":{"emulator":{"name":"functions"},"function":{"name":"us-central1-api"},"extension":{},"message":"Your function timed out after ~60s. To configure this timeout, see\n      https://firebase.google.com/docs/functions/manage-functions#set_timeout_and_memory_allocation."}}
[info] >  C:\Users\ADMIN\AppData\Roaming\npm\node_modules\firebase-tools\lib\emulator\functionsEmulatorRuntime.js:635 {"user":"C:\\Users\\ADMIN\\AppData\\Roaming\\npm\\node_modules\\firebase-tools\\lib\\emulator\\functionsEmulatorRuntime.js:635\r","metadata":{"emulator":{"name":"functions"},"function":{"name":"us-central1-api"},"extension":{},"message":"\u001b[90m> \u001b[39m C:\\Users\\ADMIN\\AppData\\Roaming\\npm\\node_modules\\firebase-tools\\lib\\emulator\\functionsEmulatorRuntime.js:635\r"}}
[info] >              throw new Error("Function timed out."); {"user":"            throw new Error(\"Function timed out.\");\r","metadata":{"emulator":{"name":"functions"},"function":{"name":"us-central1-api"},"extension":{},"message":"\u001b[90m> \u001b[39m             throw new Error(\"Function timed out.\");\r"}}
[info] >              ^ {"user":"            ^\r","metadata":{"emulator":{"name":"functions"},"function":{"name":"us-central1-api"},"extension":{},"message":"\u001b[90m> \u001b[39m             ^\r"}}
[info] >   {"user":"\r","metadata":{"emulator":{"name":"functions"},"function":{"name":"us-central1-api"},"extension":{},"message":"\u001b[90m> \u001b[39m \r"}}
[info] >  Error: Function timed out. {"user":"Error: Function timed out.\r","metadata":{"emulator":{"name":"functions"},"function":{"name":"us-central1-api"},"extension":{},"message":"\u001b[90m> \u001b[39m Error: Function timed out.\r"}}
[info] >      at Timeout._onTimeout (C:\Users\ADMIN\AppData\Roaming\npm\node_modules\firebase-tools\lib\emulator\functionsEmulatorRuntime.js:635:19) {"user":"    at Timeout._onTimeout (C:\\Users\\ADMIN\\AppData\\Roaming\\npm\\node_modules\\firebase-tools\\lib\\emulator\\functionsEmulatorRuntime.js:635:19)\r","metadata":{"emulator":{"name":"functions"},"function":{"name":"us-central1-api"},"extension":{},"message":"\u001b[90m> \u001b[39m     at Timeout._onTimeout (C:\\Users\\ADMIN\\AppData\\Roaming\\npm\\node_modules\\firebase-tools\\lib\\emulator\\functionsEmulatorRuntime.js:635:19)\r"}}
[info] >      at listOnTimeout (node:internal/timers:559:17) {"user":"    at listOnTimeout (node:internal/timers:559:17)\r","metadata":{"emulator":{"name":"functions"},"function":{"name":"us-central1-api"},"extension":{},"message":"\u001b[90m> \u001b[39m     at listOnTimeout (node:internal/timers:559:17)\r"}}
[info] >      at processTimers (node:internal/timers:502:7) {"user":"    at processTimers (node:internal/timers:502:7)\r","metadata":{"emulator":{"name":"functions"},"function":{"name":"us-central1-api"},"extension":{},"message":"\u001b[90m> \u001b[39m     at processTimers (node:internal/timers:502:7)\r"}}
[debug] FirebaseError: Failed to load function.
    at Timeout._onTimeout (C:\Users\ADMIN\AppData\Roaming\npm\node_modules\firebase-tools\lib\emulator\functionsRuntimeWorker.js:104:24)
    at listOnTimeout (node:internal/timers:559:17)
    at processTimers (node:internal/timers:502:7) {"metadata":{"emulator":{"name":"functions"},"message":{"name":"FirebaseError","children":[],"exit":1,"message":"Failed to load function.","status":500}}}
[debug] [2022-08-13T03:55:10.555Z] [work-queue] {"queueLength":0,"workRunningCount":0}
[debug] [2022-08-13T03:55:11.450Z] [worker-us-central1-api-93103712-35ec-4e85-8dd0-bcd727079909]: exited {"metadata":{"emulator":{"name":"functions"},"message":"[worker-us-central1-api-93103712-35ec-4e85-8dd0-bcd727079909]: exited"}}
[debug] [2022-08-13T03:55:11.452Z] [worker-us-central1-api-93103712-35ec-4e85-8dd0-bcd727079909]: FINISHED {"metadata":{"emulator":{"name":"functions"},"message":"[worker-us-central1-api-93103712-35ec-4e85-8dd0-bcd727079909]: FINISHED"}}
[debug] [2022-08-13T03:55:28.307Z] [runtime-status] [4984] Resolved module firebase-admin {"declared":true,"installed":true,"version":"10.3.0","resolution":"E:\\WEB_DEVELOPEMENT_BOOTCAMP_Dr_ANGELA_YU\\AmazonCloneProject\\amazon-clone\\functions\\node_modules\\firebase-admin\\lib\\index.js"} {"metadata":{"emulator":{"name":"functions"},"function":{"name":"us-central1-api"},"extension":{},"message":"[runtime-status] [4984] Resolved module firebase-admin {\"declared\":true,\"installed\":true,\"version\":\"10.3.0\",\"resolution\":\"E:\\\\WEB_DEVELOPEMENT_BOOTCAMP_Dr_ANGELA_YU\\\\AmazonCloneProject\\\\amazon-clone\\\\functions\\\\node_modules\\\\firebase-admin\\\\lib\\\\index.js\"}"}}
[debug] [2022-08-13T03:55:28.400Z] [runtime-status] [4984] Resolved module firebase-functions {"declared":true,"installed":true,"version":"3.22.0","resolution":"E:\\WEB_DEVELOPEMENT_BOOTCAMP_Dr_ANGELA_YU\\AmazonCloneProject\\amazon-clone\\functions\\node_modules\\firebase-functions\\lib\\index.js"} {"metadata":{"emulator":{"name":"functions"},"function":{"name":"us-central1-api"},"extension":{},"message":"[runtime-status] [4984] Resolved module firebase-functions {\"declared\":true,\"installed\":true,\"version\":\"3.22.0\",\"resolution\":\"E:\\\\WEB_DEVELOPEMENT_BOOTCAMP_Dr_ANGELA_YU\\\\AmazonCloneProject\\\\amazon-clone\\\\functions\\\\node_modules\\\\firebase-functions\\\\lib\\\\index.js\"}"}}
[debug] [2022-08-13T03:55:28.425Z] [runtime-status] [4984] Outgoing network have been stubbed. [{"name":"http","status":"mocked"},{"name":"http","status":"mocked"},{"name":"https","status":"mocked"},{"name":"https","status":"mocked"},{"name":"net","status":"mocked"}] {"metadata":{"emulator":{"name":"functions"},"function":{"name":"us-central1-api"},"extension":{},"message":"[runtime-status] [4984] Outgoing network have been stubbed. [{\"name\":\"http\",\"status\":\"mocked\"},{\"name\":\"http\",\"status\":\"mocked\"},{\"name\":\"https\",\"status\":\"mocked\"},{\"name\":\"https\",\"status\":\"mocked\"},{\"name\":\"net\",\"status\":\"mocked\"}]"}}
[debug] [2022-08-13T03:55:28.426Z] [runtime-status] [4984] Resolved module firebase-functions {"declared":true,"installed":true,"version":"3.22.0","resolution":"E:\\WEB_DEVELOPEMENT_BOOTCAMP_Dr_ANGELA_YU\\AmazonCloneProject\\amazon-clone\\functions\\node_modules\\firebase-functions\\lib\\index.js"} {"metadata":{"emulator":{"name":"functions"},"function":{"name":"us-central1-api"},"extension":{},"message":"[runtime-status] [4984] Resolved module firebase-functions {\"declared\":true,\"installed\":true,\"version\":\"3.22.0\",\"resolution\":\"E:\\\\WEB_DEVELOPEMENT_BOOTCAMP_Dr_ANGELA_YU\\\\AmazonCloneProject\\\\amazon-clone\\\\functions\\\\node_modules\\\\firebase-functions\\\\lib\\\\index.js\"}"}}
[debug] [2022-08-13T03:55:28.427Z] [runtime-status] [4808] Resolved module firebase-admin {"declared":true,"installed":true,"version":"10.3.0","resolution":"E:\\WEB_DEVELOPEMENT_BOOTCAMP_Dr_ANGELA_YU\\AmazonCloneProject\\amazon-clone\\functions\\node_modules\\firebase-admin\\lib\\index.js"} {"metadata":{"emulator":{"name":"functions"},"function":{"name":"us-central1-api"},"extension":{},"message":"[runtime-status] [4808] Resolved module firebase-admin {\"declared\":true,\"installed\":true,\"version\":\"10.3.0\",\"resolution\":\"E:\\\\WEB_DEVELOPEMENT_BOOTCAMP_Dr_ANGELA_YU\\\\AmazonCloneProject\\\\amazon-clone\\\\functions\\\\node_modules\\\\firebase-admin\\\\lib\\\\index.js\"}"}}
[debug] [2022-08-13T03:55:28.428Z] [runtime-status] [4808] Resolved module firebase-functions {"declared":true,"installed":true,"version":"3.22.0","resolution":"E:\\WEB_DEVELOPEMENT_BOOTCAMP_Dr_ANGELA_YU\\AmazonCloneProject\\amazon-clone\\functions\\node_modules\\firebase-functions\\lib\\index.js"} {"metadata":{"emulator":{"name":"functions"},"function":{"name":"us-central1-api"},"extension":{},"message":"[runtime-status] [4808] Resolved module firebase-functions {\"declared\":true,\"installed\":true,\"version\":\"3.22.0\",\"resolution\":\"E:\\\\WEB_DEVELOPEMENT_BOOTCAMP_Dr_ANGELA_YU\\\\AmazonCloneProject\\\\amazon-clone\\\\functions\\\\node_modules\\\\firebase-functions\\\\lib\\\\index.js\"}"}}
[debug] [2022-08-13T03:55:28.429Z] [runtime-status] [4808] Outgoing network have been stubbed. [{"name":"http","status":"mocked"},{"name":"http","status":"mocked"},{"name":"https","status":"mocked"},{"name":"https","status":"mocked"},{"name":"net","status":"mocked"}] {"metadata":{"emulator":{"name":"functions"},"function":{"name":"us-central1-api"},"extension":{},"message":"[runtime-status] [4808] Outgoing network have been stubbed. [{\"name\":\"http\",\"status\":\"mocked\"},{\"name\":\"http\",\"status\":\"mocked\"},{\"name\":\"https\",\"status\":\"mocked\"},{\"name\":\"https\",\"status\":\"mocked\"},{\"name\":\"net\",\"status\":\"mocked\"}]"}}
[debug] [2022-08-13T03:55:28.429Z] [runtime-status] [4808] Resolved module firebase-functions {"declared":true,"installed":true,"version":"3.22.0","resolution":"E:\\WEB_DEVELOPEMENT_BOOTCAMP_Dr_ANGELA_YU\\AmazonCloneProject\\amazon-clone\\functions\\node_modules\\firebase-functions\\lib\\index.js"} {"metadata":{"emulator":{"name":"functions"},"function":{"name":"us-central1-api"},"extension":{},"message":"[runtime-status] [4808] Resolved module firebase-functions {\"declared\":true,\"installed\":true,\"version\":\"3.22.0\",\"resolution\":\"E:\\\\WEB_DEVELOPEMENT_BOOTCAMP_Dr_ANGELA_YU\\\\AmazonCloneProject\\\\amazon-clone\\\\functions\\\\node_modules\\\\firebase-functions\\\\lib\\\\index.js\"}"}}
[debug] [2022-08-13T03:55:32.496Z] [runtime-status] [4808] Checked functions.config() {"config":{}} {"metadata":{"emulator":{"name":"functions"},"function":{"name":"us-central1-api"},"extension":{},"message":"[runtime-status] [4808] Checked functions.config() {\"config\":{}}"}}
[debug] [2022-08-13T03:55:32.497Z] [runtime-status] [4808] firebase-functions has been stubbed. {"functionsResolution":{"declared":true,"installed":true,"version":"3.22.0","resolution":"E:\\WEB_DEVELOPEMENT_BOOTCAMP_Dr_ANGELA_YU\\AmazonCloneProject\\amazon-clone\\functions\\node_modules\\firebase-functions\\lib\\index.js"}} {"metadata":{"emulator":{"name":"functions"},"function":{"name":"us-central1-api"},"extension":{},"message":"[runtime-status] [4808] firebase-functions has been stubbed. {\"functionsResolution\":{\"declared\":true,\"installed\":true,\"version\":\"3.22.0\",\"resolution\":\"E:\\\\WEB_DEVELOPEMENT_BOOTCAMP_Dr_ANGELA_YU\\\\AmazonCloneProject\\\\amazon-clone\\\\functions\\\\node_modules\\\\firebase-functions\\\\lib\\\\index.js\"}}"}}
[debug] [2022-08-13T03:55:32.498Z] [runtime-status] [4808] Resolved module firebase-functions {"declared":true,"installed":true,"version":"3.22.0","resolution":"E:\\WEB_DEVELOPEMENT_BOOTCAMP_Dr_ANGELA_YU\\AmazonCloneProject\\amazon-clone\\functions\\node_modules\\firebase-functions\\lib\\index.js"} {"metadata":{"emulator":{"name":"functions"},"function":{"name":"us-central1-api"},"extension":{},"message":"[runtime-status] [4808] Resolved module firebase-functions {\"declared\":true,\"installed\":true,\"version\":\"3.22.0\",\"resolution\":\"E:\\\\WEB_DEVELOPEMENT_BOOTCAMP_Dr_ANGELA_YU\\\\AmazonCloneProject\\\\amazon-clone\\\\functions\\\\node_modules\\\\firebase-functions\\\\lib\\\\index.js\"}"}}
[debug] [2022-08-13T03:55:32.499Z] [runtime-status] [4808] Resolved module firebase-admin {"declared":true,"installed":true,"version":"10.3.0","resolution":"E:\\WEB_DEVELOPEMENT_BOOTCAMP_Dr_ANGELA_YU\\AmazonCloneProject\\amazon-clone\\functions\\node_modules\\firebase-admin\\lib\\index.js"} {"metadata":{"emulator":{"name":"functions"},"function":{"name":"us-central1-api"},"extension":{},"message":"[runtime-status] [4808] Resolved module firebase-admin {\"declared\":true,\"installed\":true,\"version\":\"10.3.0\",\"resolution\":\"E:\\\\WEB_DEVELOPEMENT_BOOTCAMP_Dr_ANGELA_YU\\\\AmazonCloneProject\\\\amazon-clone\\\\functions\\\\node_modules\\\\firebase-admin\\\\lib\\\\index.js\"}"}}
[debug] [2022-08-13T03:55:32.501Z] [runtime-status] [4808] Resolved module firebase-functions {"declared":true,"installed":true,"version":"3.22.0","resolution":"E:\\WEB_DEVELOPEMENT_BOOTCAMP_Dr_ANGELA_YU\\AmazonCloneProject\\amazon-clone\\functions\\node_modules\\firebase-functions\\lib\\index.js"} {"metadata":{"emulator":{"name":"functions"},"function":{"name":"us-central1-api"},"extension":{},"message":"[runtime-status] [4808] Resolved module firebase-functions {\"declared\":true,\"installed\":true,\"version\":\"3.22.0\",\"resolution\":\"E:\\\\WEB_DEVELOPEMENT_BOOTCAMP_Dr_ANGELA_YU\\\\AmazonCloneProject\\\\amazon-clone\\\\functions\\\\node_modules\\\\firebase-functions\\\\lib\\\\index.js\"}"}}
[debug] [2022-08-13T03:55:32.509Z] [runtime-status] [4808] firebase-admin has been stubbed. {"adminResolution":{"declared":true,"installed":true,"version":"10.3.0","resolution":"E:\\WEB_DEVELOPEMENT_BOOTCAMP_Dr_ANGELA_YU\\AmazonCloneProject\\amazon-clone\\functions\\node_modules\\firebase-admin\\lib\\index.js"}} {"metadata":{"emulator":{"name":"functions"},"function":{"name":"us-central1-api"},"extension":{},"message":"[runtime-status] [4808] firebase-admin has been stubbed. {\"adminResolution\":{\"declared\":true,\"installed\":true,\"version\":\"10.3.0\",\"resolution\":\"E:\\\\WEB_DEVELOPEMENT_BOOTCAMP_Dr_ANGELA_YU\\\\AmazonCloneProject\\\\amazon-clone\\\\functions\\\\node_modules\\\\firebase-admin\\\\lib\\\\index.js\"}}"}}
[debug] [2022-08-13T03:55:32.511Z] [runtime-status] [4808] Functions runtime initialized. {"cwd":"E:\\WEB_DEVELOPEMENT_BOOTCAMP_Dr_ANGELA_YU\\AmazonCloneProject\\amazon-clone\\functions","node_version":"16.15.1"} {"metadata":{"emulator":{"name":"functions"},"function":{"name":"us-central1-api"},"extension":{},"message":"[runtime-status] [4808] Functions runtime initialized. {\"cwd\":\"E:\\\\WEB_DEVELOPEMENT_BOOTCAMP_Dr_ANGELA_YU\\\\AmazonCloneProject\\\\amazon-clone\\\\functions\",\"node_version\":\"16.15.1\"}"}}
[debug] [2022-08-13T03:55:32.512Z] [runtime-status] [4984] Checked functions.config() {"config":{}} {"metadata":{"emulator":{"name":"functions"},"function":{"name":"us-central1-api"},"extension":{},"message":"[runtime-status] [4984] Checked functions.config() {\"config\":{}}"}}
[debug] [2022-08-13T03:55:32.513Z] [runtime-status] [4984] firebase-functions has been stubbed. {"functionsResolution":{"declared":true,"installed":true,"version":"3.22.0","resolution":"E:\\WEB_DEVELOPEMENT_BOOTCAMP_Dr_ANGELA_YU\\AmazonCloneProject\\amazon-clone\\functions\\node_modules\\firebase-functions\\lib\\index.js"}} {"metadata":{"emulator":{"name":"functions"},"function":{"name":"us-central1-api"},"extension":{},"message":"[runtime-status] [4984] firebase-functions has been stubbed. {\"functionsResolution\":{\"declared\":true,\"installed\":true,\"version\":\"3.22.0\",\"resolution\":\"E:\\\\WEB_DEVELOPEMENT_BOOTCAMP_Dr_ANGELA_YU\\\\AmazonCloneProject\\\\amazon-clone\\\\functions\\\\node_modules\\\\firebase-functions\\\\lib\\\\index.js\"}}"}}
[debug] [2022-08-13T03:55:32.514Z] [runtime-status] [4984] Resolved module firebase-functions {"declared":true,"installed":true,"version":"3.22.0","resolution":"E:\\WEB_DEVELOPEMENT_BOOTCAMP_Dr_ANGELA_YU\\AmazonCloneProject\\amazon-clone\\functions\\node_modules\\firebase-functions\\lib\\index.js"} {"metadata":{"emulator":{"name":"functions"},"function":{"name":"us-central1-api"},"extension":{},"message":"[runtime-status] [4984] Resolved module firebase-functions {\"declared\":true,\"installed\":true,\"version\":\"3.22.0\",\"resolution\":\"E:\\\\WEB_DEVELOPEMENT_BOOTCAMP_Dr_ANGELA_YU\\\\AmazonCloneProject\\\\amazon-clone\\\\functions\\\\node_modules\\\\firebase-functions\\\\lib\\\\index.js\"}"}}
[debug] [2022-08-13T03:55:32.514Z] [runtime-status] [4984] Resolved module firebase-admin {"declared":true,"installed":true,"version":"10.3.0","resolution":"E:\\WEB_DEVELOPEMENT_BOOTCAMP_Dr_ANGELA_YU\\AmazonCloneProject\\amazon-clone\\functions\\node_modules\\firebase-admin\\lib\\index.js"} {"metadata":{"emulator":{"name":"functions"},"function":{"name":"us-central1-api"},"extension":{},"message":"[runtime-status] [4984] Resolved module firebase-admin {\"declared\":true,\"installed\":true,\"version\":\"10.3.0\",\"resolution\":\"E:\\\\WEB_DEVELOPEMENT_BOOTCAMP_Dr_ANGELA_YU\\\\AmazonCloneProject\\\\amazon-clone\\\\functions\\\\node_modules\\\\firebase-admin\\\\lib\\\\index.js\"}"}}
[debug] [2022-08-13T03:55:32.515Z] [runtime-status] [4984] Resolved module firebase-functions {"declared":true,"installed":true,"version":"3.22.0","resolution":"E:\\WEB_DEVELOPEMENT_BOOTCAMP_Dr_ANGELA_YU\\AmazonCloneProject\\amazon-clone\\functions\\node_modules\\firebase-functions\\lib\\index.js"} {"metadata":{"emulator":{"name":"functions"},"function":{"name":"us-central1-api"},"extension":{},"message":"[runtime-status] [4984] Resolved module firebase-functions {\"declared\":true,\"installed\":true,\"version\":\"3.22.0\",\"resolution\":\"E:\\\\WEB_DEVELOPEMENT_BOOTCAMP_Dr_ANGELA_YU\\\\AmazonCloneProject\\\\amazon-clone\\\\functions\\\\node_modules\\\\firebase-functions\\\\lib\\\\index.js\"}"}}
[debug] [2022-08-13T03:55:32.516Z] [runtime-status] [4984] firebase-admin has been stubbed. {"adminResolution":{"declared":true,"installed":true,"version":"10.3.0","resolution":"E:\\WEB_DEVELOPEMENT_BOOTCAMP_Dr_ANGELA_YU\\AmazonCloneProject\\amazon-clone\\functions\\node_modules\\firebase-admin\\lib\\index.js"}} {"metadata":{"emulator":{"name":"functions"},"function":{"name":"us-central1-api"},"extension":{},"message":"[runtime-status] [4984] firebase-admin has been stubbed. {\"adminResolution\":{\"declared\":true,\"installed\":true,\"version\":\"10.3.0\",\"resolution\":\"E:\\\\WEB_DEVELOPEMENT_BOOTCAMP_Dr_ANGELA_YU\\\\AmazonCloneProject\\\\amazon-clone\\\\functions\\\\node_modules\\\\firebase-admin\\\\lib\\\\index.js\"}}"}}
[debug] [2022-08-13T03:55:32.516Z] [runtime-status] [4984] Functions runtime initialized. {"cwd":"E:\\WEB_DEVELOPEMENT_BOOTCAMP_Dr_ANGELA_YU\\AmazonCloneProject\\amazon-clone\\functions","node_version":"16.15.1"} {"metadata":{"emulator":{"name":"functions"},"function":{"name":"us-central1-api"},"extension":{},"message":"[runtime-status] [4984] Functions runtime initialized. {\"cwd\":\"E:\\\\WEB_DEVELOPEMENT_BOOTCAMP_Dr_ANGELA_YU\\\\AmazonCloneProject\\\\amazon-clone\\\\functions\",\"node_version\":\"16.15.1\"}"}}
